Subject:
	Security ID:		S-1-5-18
	Account Name:		TEST$
	Account Domain:		WORKGROUP
	Logon ID:		0x3E7

Logon Information:
	Logon Type:		5
	Restricted Admin Mode:	-
	Remote Credential Guard:	-
	Virtual Account:		No
	Elevated Token:		Yes

Impersonation Level:		Impersonation

New Logon:
	Security ID:		S-1-5-18
	Account Name:		SYSTEM
	Account Domain:		NT AUTHORITY
	Logon ID:		0x3E7
	Linked Logon ID:		0x0
	Network Account Name:	-
	Network Account Domain:	-
	Logon GUID:		{00000000-0000-0000-0000-000000000000}

Process Information:
	Process ID:		0x2ec
	Process Name:		C:\Windows\System32\services.exe

Network Information:
	Workstation Name:	-
	Source Network Address:	-
	Source Port:		-

Detailed Authentication Information:
	Logon Process:		Advapi  
	Authentication Package:	Negotiate
	Transited Services:	-
	Package Name (NTLM only):	-
	Key Length:		0

This event is generated when a logon session is created. It is generated on the computer that was accessed.

The subject fields indicate the account on the local system which requested the logon. This is most commonly a service such as the Server service, or a local process such as Winlogon.exe or Services.exe.

The logon type field indicates the kind of logon that occurred. The most common types are 2 (interactive) and 3 (network).

The New Logon fields indicate the account for whom the new logon was created, i.e. the account that was logged on.

The network fields indicate where a remote logon request originated. Workstation name is not always available and may be left blank in some cases.

The impersonation level field indicates the extent to which a process in the logon session can impersonate.

The authentication information fields provide detailed information about this specific logon request.
	- Logon GUID is a unique identifier that can be used to correlate this event with a KDC event.
	- Transited services indicate which intermediate services have participated in this logon request.
	- Package name indicates which sub-protocol was used among the NTLM protocols.
	- Key length indicates the length of the generated session key. This will be 0 if no session key was requested.""",3,2024-09-05T05:43:07.8446018Z,2226,10332,test,12544,776,AUDIT_SUCCESS,Microsoft-Windows-Security-Auditing,6,FALSE,3,Windows logon success.,"[""windows"",""windows_security"",""authentication_success""]",60106,windows_eventchannel,log,"Sep 5, 2024 @ 05:43:08.706",EventChannel,1725514988.426026,"Sep 5, 2024 @ 05:43:08.706",0x3e7,WORKGROUP,0x0,%%1833,Negotiate,0x3e7,Advapi,{00000000-0000-0000-0000-000000000000},SYSTEM,0,%%1842,S-1-5-18,0x2ec,C:\\Windows\\System32\\services.exe,NT AUTHORITY,S-1-5-18,%%1843,5,TEST$,"[""164.312.b""]","[""10.2.5""]","[""CC6.8"",""CC7.2"",""CC7.3""]","[""AC.7"",""AU.14""]","[""IV_32.2""]","[""Valid Accounts""]","[""T1078""]","[""Defense Evasion"",""Persistence"",""Privilege Escalation"",""Initial Access""]","[""7.1"",""7.2""]", , , , , , , , , , , , , , , , , , , , , , , , , , , , , , , , , , , , , , , , , , , , , , , , , , , , , , , , , , , , , , , , , , , , , , , , , , , , , , , , , , , , , , , , , , , , , , , , , , , , , , , , , , , , , , , , , , , , , , , , , , , , , , , , , , , , , , , , , , , , , , , , , , 
'-Em2wJEBz5Sj0Mnm2KjN,1,1,192.168.28.148,Windows,001,ubuntu, , , , ,4624,0x8020000000000000,{54849625-5478-4994-a5ba-3e3b0328c30d},0,Security,0,"""An account was successfully logged on.

Subject:
	Security ID:		S-1-5-18
	Account Name:		TEST$
	Account Domain:		WORKGROUP
	Logon ID:		0x3E7

Logon Information:
	Logon Type:		5
	Restricted Admin Mode:	-
	Remote Credential Guard:	-
	Virtual Account:		No
	Elevated Token:		Yes

Impersonation Level:		Impersonation

New Logon:
	Security ID:		S-1-5-18
	Account Name:		SYSTEM
	Account Domain:		NT AUTHORITY
	Logon ID:		0x3E7
	Linked Logon ID:		0x0
	Network Account Name:	-
	Network Account Domain:	-
	Logon GUID:		{00000000-0000-0000-0000-000000000000}

Process Information:
	Process ID:		0x2ec
	Process Name:		C:\Windows\System32\services.exe

Network Information:
	Workstation Name:	-
	Source Network Address:	-
	Source Port:		-

Detailed Authentication Information:
	Logon Process:		Advapi  
	Authentication Package:	Negotiate
	Transited Services:	-
	Package Name (NTLM only):	-
	Key Length:		0

This event is generated when a logon session is created. It is generated on the computer that was accessed.

The subject fields indicate the account on the local system which requested the logon. This is most commonly a service such as the Server service, or a local process such as Winlogon.exe or Services.exe.

The logon type field indicates the kind of logon that occurred. The most common types are 2 (interactive) and 3 (network).

The New Logon fields indicate the account for whom the new logon was created, i.e. the account that was logged on.

The network fields indicate where a remote logon request originated. Workstation name is not always available and may be left blank in some cases.

The impersonation level field indicates the extent to which a process in the logon session can impersonate.

The authentication information fields provide detailed information about this specific logon request.
	- Logon GUID is a unique identifier that can be used to correlate this event with a KDC event.
	- Transited services indicate which intermediate services have participated in this logon request.
	- Package name indicates which sub-protocol was used among the NTLM protocols.
	- Key length indicates the length of the generated session key. This will be 0 if no session key was requested.""",3,2024-09-05T05:44:46.0630794Z,2228,10332,test,12544,776,AUDIT_SUCCESS,Microsoft-Windows-Security-Auditing,7,FALSE,3,Windows logon success.,"[""windows"",""windows_security"",""authentication_success""]",60106,windows_eventchannel,log,"Sep 5, 2024 @ 05:44:46.939",EventChannel,1725515086.433337,"Sep 5, 2024 @ 05:44:46.939",0x3e7,WORKGROUP,0x0,%%1833,Negotiate,0x3e7,Advapi,{00000000-0000-0000-0000-000000000000},SYSTEM,0,%%1842,S-1-5-18,0x2ec,C:\\Windows\\System32\\services.exe,NT AUTHORITY,S-1-5-18,%%1843,5,TEST$,"[""164.312.b""]","[""10.2.5""]","[""CC6.8"",""CC7.2"",""CC7.3""]","[""AC.7"",""AU.14""]","[""IV_32.2""]","[""Valid Accounts""]","[""T1078""]","[""Defense Evasion"",""Persistence"",""Privilege Escalation"",""Initial Access""]","[""7.1"",""7.2""]", , , , , , , , , , , , , , , , , , , , , , , , , , , , , , , , , , , , , , , , , , , , , , , , , , , , , , , , , , , , , , , , , , , , , , , , , , , , , , , , , , , , , , , , , , , , , , , , , , , , , , , , , , , , , , , , , , , , , , , , , , , , , , , , , , , , , , , , , , , , , , , , , , 
7kmmwJEBz5Sj0MnmD6i5,1,1,192.168.28.148,Windows,001,ubuntu, , , , ,4624,0x8020000000000000,{54849625-5478-4994-a5ba-3e3b0328c30d},0,Security,0,"""An account was successfully logged on.

Subject:
	Security ID:		S-1-5-18
	Account Name:		TEST$
	Account Domain:		WORKGROUP
	Logon ID:		0x3E7

Logon Information:
	Logon Type:		5
	Restricted Admin Mode:	-
	Remote Credential Guard:	-
	Virtual Account:		No
	Elevated Token:		Yes

Impersonation Level:		Impersonation

New Logon:
	Security ID:		S-1-5-18
	Account Name:		SYSTEM
	Account Domain:		NT AUTHORITY
	Logon ID:		0x3E7
	Linked Logon ID:		0x0
	Network Account Name:	-
	Network Account Domain:	-
	Logon GUID:		{00000000-0000-0000-0000-000000000000}

Process Information:
	Process ID:		0x2ec
	Process Name:		C:\Windows\System32\services.exe

Network Information:
	Workstation Name:	-
	Source Network Address:	-
	Source Port:		-

Detailed Authentication Information:
	Logon Process:		Advapi  
	Authentication Package:	Negotiate
	Transited Services:	-
	Package Name (NTLM only):	-
	Key Length:		0

This event is generated when a logon session is created. It is generated on the computer that was accessed.

The subject fields indicate the account on the local system which requested the logon. This is most commonly a service such as the Server service, or a local process such as Winlogon.exe or Services.exe.

The logon type field indicates the kind of logon that occurred. The most common types are 2 (interactive) and 3 (network).

The New Logon fields indicate the account for whom the new logon was created, i.e. the account that was logged on.

The network fields indicate where a remote logon request originated. Workstation name is not always available and may be left blank in some cases.

The impersonation level field indicates the extent to which a process in the logon session can impersonate.

The authentication information fields provide detailed information about this specific logon request.
	- Logon GUID is a unique identifier that can be used to correlate this event with a KDC event.
	- Transited services indicate which intermediate services have participated in this logon request.
	- Package name indicates which sub-protocol was used among the NTLM protocols.
	- Key length indicates the length of the generated session key. This will be 0 if no session key was requested.""",3,2024-09-05T05:26:30.3122788Z,2224,832,test,12544,776,AUDIT_SUCCESS,Microsoft-Windows-Security-Auditing,5,FALSE,3,Windows logon success.,"[""windows"",""windows_security"",""authentication_success""]",60106,windows_eventchannel,log,"Sep 5, 2024 @ 05:26:31.167",EventChannel,1725513991.416681,"Sep 5, 2024 @ 05:26:31.167",0x3e7,WORKGROUP,0x0,%%1833,Negotiate,0x3e7,Advapi,{00000000-0000-0000-0000-000000000000},SYSTEM,0,%%1842,S-1-5-18,0x2ec,C:\\Windows\\System32\\services.exe,NT AUTHORITY,S-1-5-18,%%1843,5,TEST$,"[""164.312.b""]","[""10.2.5""]","[""CC6.8"",""CC7.2"",""CC7.3""]","[""AC.7"",""AU.14""]","[""IV_32.2""]","[""Valid Accounts""]","[""T1078""]","[""Defense Evasion"",""Persistence"",""Privilege Escalation"",""Initial Access""]","[""7.1"",""7.2""]", , , , , , , , , , , , , , , , , , , , , , , , , , , , , , , , , , , , , , , , , , , , , , , , , , , , , , , , , , , , , , , , , , , , , , , , , , , , , , , , , , , , , , , , , , , , , , , , , , , , , , , , , , , , , , , , , , , , , , , , , , , , , , , , , , , , , , , , , , , , , , , , , , 
4EmUwJEBz5Sj0Mnmcqis,1,1,192.168.28.148,Windows,001,ubuntu, , , , ,7045,0x8080000000000000,{555908d1-a6d7-4695-8e1e-26931d2012f4},4,System,0,"""A service was installed in the system.

Service Name:  Sysmon64
Service File Name:  C:\Windows\Sysmon64.exe
Service Type:  user mode service
Service Start Type:  auto start
Service Account:  LocalSystem""",0,2024-09-05T05:07:12.5399111Z,1011,3744,test,0,748,INFORMATION,Service Control Manager,1,FALSE,5,New Windows Service Created,"[""windows"",""windows_system""]",61138,windows_eventchannel,log,"Sep 5, 2024 @ 05:07:13.375",EventChannel,1725512833.396152,"Sep 5, 2024 @ 05:07:13.375", , , , , , , , , , , , , , , , , , , , , , , , ,"[""Windows Service""]","[""T1543.003""]","[""Persistence"",""Privilege Escalation""]", , , , , , , , , , , , , , , , , , , , , , , , , , , , , , , , , , , , , , , , , , , , , , ,Service Control Manager, , , , , , , , , , , , , , , , , , , , , , , , , , , , , , , , , , , , , , , , , , , , , , , , , , , , , , , , ,user mode service,LocalSystem,C:\\Windows\\Sysmon64.exe,auto start,Sysmon64, , , , , , , , , , , , , , , , , , , , , , , , , , , , , , , , , , , , , , , 
4UmUwJEBz5Sj0Mnmcqis,1,1,192.168.28.148,Windows,001,ubuntu, , , , ,7045,0x8080000000000000,{555908d1-a6d7-4695-8e1e-26931d2012f4},4,System,0,"""A service was installed in the system.

Service Name:  SysmonDrv
Service File Name:  C:\Windows\SysmonDrv.sys
Service Type:  kernel mode driver
Service Start Type:  boot start
Service Account:  """,0,2024-09-05T05:07:12.5399111Z,1012,3744,test,0,748,INFORMATION,Service Control Manager,2,FALSE,5,New Windows Service Created,"[""windows"",""windows_system""]",61138,windows_eventchannel,log,"Sep 5, 2024 @ 05:07:13.376",EventChannel,1725512833.398127,"Sep 5, 2024 @ 05:07:13.376", , , , , , , , , , , , , , , , , , , , , , , , ,"[""Windows Service""]","[""T1543.003""]","[""Persistence"",""Privilege Escalation""]", , , , , , , , , , , , , , , , , , , , , , , , , , , , , , , , , , , , , , , , , , , , , , ,Service Control Manager, , , , , , , , , , , , , , , , , , , , , , , , , , , , , , , , , , , , , , , , , , , , , , , , , , , , , , , , ,kernel mode driver, ,C:\\Windows\\SysmonDrv.sys,boot start,SysmonDrv, , , , , , , , , , , , , , , , , , , , , , , , , , , , , , , , , , , , , , , 
2UmOwJEBz5Sj0Mnm4KjF,1,1,192.168.28.148,Windows,001,ubuntu, , , , ,7040,0x8080000000000000,{555908d1-a6d7-4695-8e1e-26931d2012f4},4,System,0,"""The start type of the Background Intelligent Transfer Service service was changed from auto start to demand start.""",0,2024-09-05T05:01:05.2862574Z,1000,5828,test,0,748,INFORMATION,Service Control Manager,1,FALSE,3,Service startup type was changed,"[""windows"",""windows_system"",""policy_changed""]",61104,windows_eventchannel,log,"Sep 5, 2024 @ 05:01:06.052",EventChannel,1725512466.376105,"Sep 5, 2024 @ 05:01:06.052", , , , , , , , , , , , , , , , , , , ,"[""164.312.b""]","[""10.6""]","[""CC6.1"",""CC6.8"",""CC7.2"",""CC7.3""]","[""AU.6""]","[""IV_35.7.d""]", , , , , , , , , , , , , , , , , , , , , , , , , , , , , , , , , , , , , , , , , , , , , ,demand start,BITS,Background Intelligent Transfer Service,auto start,Service Control Manager,This does not appear to be logged on Windows 2000, , , , , , , , , , , , , , , , , , , , , , , , , , , , , , , , , , , , , , , , , , , , , , , , , , , , , , , , , , , , , , , , , , , , , , , , , , , , , , , , , , , , , , , , , , , , , , , , , , , 
zUmNwJEBz5Sj0Mnmbaio,1,1, ,ubuntu,000,ubuntu, , , , , , , , , , , , , , , , , , , , ,1,FALSE,3,sshd: authentication success.,"[""syslog"",""sshd"",""authentication_success""]",5715,sshd,log,"Sep 5, 2024 @ 04:59:28.865",/var/log/auth.log,1725512368.362856,"Sep 5, 2024 @ 04:59:28.865", , , , , , , , , , , , , , , , , , , ,"[""164.312.b""]","[""10.2.5""]","[""CC6.8"",""CC7.2"",""CC7.3""]","[""AU.14"",""AC.7""]","[""IV_32.2""]","[""Valid Accounts"",""Remote Services""]","[""T1078"",""T1021""]","[""Defense Evasion"",""Persistence"",""Privilege Escalation"",""Initial Access"",""Lateral Movement""]","[""7.1"",""7.2""]", , , , ,Sep  4 21:59:28 ubuntu sshd[5154]: Accepted password for pseudology from 192.168.28.1 port 51906 ssh2, , , , , , , , , , , , , , , , , , , , , , , , , , ,ubuntu,sshd,9/4/24 21:59, ,pseudology,sshd, , , , , , , , , , ,192.168.28.1,51906, , , , , , , , , , , , , , , , , , , , , , , , , , , , , , , , , , , , , , , , , , , , , , , , , , , , , , , , , , , , , , , , , , , , , , , , , , , , , , , , , , , , , , , , , , , , , , , , , 
zkmNwJEBz5Sj0Mnmbaio,1,1, ,ubuntu,000,ubuntu, , , , , , , , , , , , , , , , , , , , ,3,FALSE,3,PAM: Login session opened.,"[""pam"",""syslog"",""authentication_success""]",5501,pam,log,"Sep 5, 2024 @ 04:59:28.866",/var/log/auth.log,1725512368.363311,"Sep 5, 2024 @ 04:59:28.866", , , , , , , , , , , , , , , , , , , ,"[""164.312.b""]","[""10.2.5""]","[""CC6.8"",""CC7.2"",""CC7.3""]","[""AU.14"",""AC.7""]","[""IV_32.2""]","[""Valid Accounts""]","[""T1078""]","[""Defense Evasion"",""Persistence"",""Privilege Escalation"",""Initial Access""]","[""7.8"",""7.9""]", , , , ,Sep  4 21:59:28 ubuntu sshd[5154]: pam_unix(sshd:session): session opened for user pseudology by (uid=0), , , , , , , , , , , , , , , , , , , , , , , , , , ,ubuntu,sshd,9/4/24 21:59,0,pseudology,pam, , , , , , , , , , , , , , , , , , , , , , , , , , , , , , , , , , , , , , , , , , , , , , , , , , , , , , , , , , , , , , , , , , , , , , , , , , , , , , , , , , , , , , , , , , , , , , , , , , , , , , , , , , , , , 
0UmNwJEBz5Sj0Mnmbaio,1,1, ,ubuntu,000,ubuntu, , , , , , , , , , , , , , , , , , , , ,1,FALSE,3,User successfully changed UID to root.,"[""syslog"",""su"",""authentication_success""]",5303,su,log,"Sep 5, 2024 @ 04:59:34.871",/var/log/auth.log,1725512374.364640,"Sep 5, 2024 @ 04:59:34.871", , , , , , , , , , , , , , , , , , , ,"[""164.312.b""]","[""10.2.5""]","[""CC6.8"",""CC7.2"",""CC7.3""]","[""AU.14"",""AC.7""]","[""IV_35.7.d"",""IV_32.2""]","[""Valid Accounts""]","[""T1078""]","[""Defense Evasion"",""Persistence"",""Privilege Escalation"",""Initial Access""]","[""7.6"",""7.8"",""7.9""]", , , , ,Sep  4 21:59:33 ubuntu su[5201]: + /dev/pts/1 root:root, , , , , , , , , , , , , , , , , , , , , , , , , , ,ubuntu,su,9/4/24 21:59, ,root,su, , , , , , , , , , , , , , , , , , , , , , , , , , , , , , , , , , , , , , , , , , , , , , ,root, , , , , , , , , , , , , , , , , , , , , , , , , , , , , , , , , , , , , , , , , , , , , , , , , , , , , , , , , , , , , , 
_km8wJEBz5Sj0Mnm36jX,1,1,192.168.28.148,Windows,001,ubuntu, , , , ,4624,0x8020000000000000,{54849625-5478-4994-a5ba-3e3b0328c30d},0,Security,0,"""An account was successfully logged on.

Subject:
	Security ID:		S-1-5-18
	Account Name:		TEST$
	Account Domain:		WORKGROUP
	Logon ID:		0x3E7

Logon Information:
	Logon Type:		5
	Restricted Admin Mode:	-
	Remote Credential Guard:	-
	Virtual Account:		No
	Elevated Token:		Yes

Impersonation Level:		Impersonation

New Logon:
	Security ID:		S-1-5-18
	Account Name:		SYSTEM
	Account Domain:		NT AUTHORITY
	Logon ID:		0x3E7
	Linked Logon ID:		0x0
	Network Account Name:	-
	Network Account Domain:	-
	Logon GUID:		{00000000-0000-0000-0000-000000000000}

Process Information:
	Process ID:		0x2ec
	Process Name:		C:\Windows\System32\services.exe

Network Information:
	Workstation Name:	-
	Source Network Address:	-
	Source Port:		-

Detailed Authentication Information:
	Logon Process:		Advapi  
	Authentication Package:	Negotiate
	Transited Services:	-
	Package Name (NTLM only):	-
	Key Length:		0

This event is generated when a logon session is created. It is generated on the computer that was accessed.

The subject fields indicate the account on the local system which requested the logon. This is most commonly a service such as the Server service, or a local process such as Winlogon.exe or Services.exe.

The logon type field indicates the kind of logon that occurred. The most common types are 2 (interactive) and 3 (network).

The New Logon fields indicate the account for whom the new logon was created, i.e. the account that was logged on.

The network fields indicate where a remote logon request originated. Workstation name is not always available and may be left blank in some cases.

The impersonation level field indicates the extent to which a process in the logon session can impersonate.

The authentication information fields provide detailed information about this specific logon request.
	- Logon GUID is a unique identifier that can be used to correlate this event with a KDC event.
	- Transited services indicate which intermediate services have participated in this logon request.
	- Package name indicates which sub-protocol was used among the NTLM protocols.
	- Key length indicates the length of the generated session key. This will be 0 if no session key was requested.""",3,2024-09-05T05:51:18.1643000Z,2230,808,test,12544,776,AUDIT_SUCCESS,Microsoft-Windows-Security-Auditing,8,FALSE,3,Windows logon success.,"[""windows"",""windows_security"",""authentication_success""]",60106,windows_eventchannel,log,"Sep 5, 2024 @ 05:51:19.027",EventChannel,1725515479.440648,"Sep 5, 2024 @ 05:51:19.027",0x3e7,WORKGROUP,0x0,%%1833,Negotiate,0x3e7,Advapi,{00000000-0000-0000-0000-000000000000},SYSTEM,0,%%1842,S-1-5-18,0x2ec,C:\\Windows\\System32\\services.exe,NT AUTHORITY,S-1-5-18,%%1843,5,TEST$,"[""164.312.b""]","[""10.2.5""]","[""CC6.8"",""CC7.2"",""CC7.3""]","[""AC.7"",""AU.14""]","[""IV_32.2""]","[""Valid Accounts""]","[""T1078""]","[""Defense Evasion"",""Persistence"",""Privilege Escalation"",""Initial Access""]","[""7.1"",""7.2""]", , , , , , , , , , , , , , , , , , , , , , , , , , , , , , , , , , , , , , , , , , , , , , , , , , , , , , , , , , , , , , , , , , , , , , , , , , , , , , , , , , , , , , , , , , , , , , , , , , , , , , , , , , , , , , , , , , , , , , , , , , , , , , , , , , , , , , , , , , , , , , , , , , 
AEm8wJEBz5Sj0Mnm36nX,1,1,192.168.28.148,Windows,001,ubuntu, , , , ,4624,0x8020000000000000,{54849625-5478-4994-a5ba-3e3b0328c30d},0,Security,0,"""An account was successfully logged on.

Subject:
	Security ID:		S-1-5-18
	Account Name:		TEST$
	Account Domain:		WORKGROUP
	Logon ID:		0x3E7

Logon Information:
	Logon Type:		5
	Restricted Admin Mode:	-
	Remote Credential Guard:	-
	Virtual Account:		No
	Elevated Token:		Yes

Impersonation Level:		Impersonation

New Logon:
	Security ID:		S-1-5-18
	Account Name:		SYSTEM
	Account Domain:		NT AUTHORITY
	Logon ID:		0x3E7
	Linked Logon ID:		0x0
	Network Account Name:	-
	Network Account Domain:	-
	Logon GUID:		{00000000-0000-0000-0000-000000000000}

Process Information:
	Process ID:		0x2ec
	Process Name:		C:\Windows\System32\services.exe

Network Information:
	Workstation Name:	-
	Source Network Address:	-
	Source Port:		-

Detailed Authentication Information:
	Logon Process:		Advapi  
	Authentication Package:	Negotiate
	Transited Services:	-
	Package Name (NTLM only):	-
	Key Length:		0

This event is generated when a logon session is created. It is generated on the computer that was accessed.

The subject fields indicate the account on the local system which requested the logon. This is most commonly a service such as the Server service, or a local process such as Winlogon.exe or Services.exe.

The logon type field indicates the kind of logon that occurred. The most common types are 2 (interactive) and 3 (network).

The New Logon fields indicate the account for whom the new logon was created, i.e. the account that was logged on.

The network fields indicate where a remote logon request originated. Workstation name is not always available and may be left blank in some cases.

The impersonation level field indicates the extent to which a process in the logon session can impersonate.

The authentication information fields provide detailed information about this specific logon request.
	- Logon GUID is a unique identifier that can be used to correlate this event with a KDC event.
	- Transited services indicate which intermediate services have participated in this logon request.
	- Package name indicates which sub-protocol was used among the NTLM protocols.
	- Key length indicates the length of the generated session key. This will be 0 if no session key was requested.""",3,2024-09-05T05:51:19.1261385Z,2234,808,test,12544,776,AUDIT_SUCCESS,Microsoft-Windows-Security-Auditing,10,FALSE,3,Windows logon success.,"[""windows"",""windows_security"",""authentication_success""]",60106,windows_eventchannel,log,"Sep 5, 2024 @ 05:51:19.073",EventChannel,1725515479.455262,"Sep 5, 2024 @ 05:51:19.073",0x3e7,WORKGROUP,0x0,%%1833,Negotiate,0x3e7,Advapi,{00000000-0000-0000-0000-000000000000},SYSTEM,0,%%1842,S-1-5-18,0x2ec,C:\\Windows\\System32\\services.exe,NT AUTHORITY,S-1-5-18,%%1843,5,TEST$,"[""164.312.b""]","[""10.2.5""]","[""CC6.8"",""CC7.2"",""CC7.3""]","[""AC.7"",""AU.14""]","[""IV_32.2""]","[""Valid Accounts""]","[""T1078""]","[""Defense Evasion"",""Persistence"",""Privilege Escalation"",""Initial Access""]","[""7.1"",""7.2""]", , , , , , , , , , , , , , , , , , , , , , , , , , , , , , , , , , , , , , , , , , , , , , , , , , , , , , , , , , , , , , , , , , , , , , , , , , , , , , , , , , , , , , , , , , , , , , , , , , , , , , , , , , , , , , , , , , , , , , , , , , , , , , , , , , , , , , , , , , , , , , , , , , 
E0nSwJEBz5Sj0Mnm2akT,1,1,192.168.28.148,Windows,001,ubuntu, , , , ,4624,0x8020000000000000,{54849625-5478-4994-a5ba-3e3b0328c30d},0,Security,0,"""An account was successfully logged on.

Subject:
	Security ID:		S-1-5-18
	Account Name:		TEST$
	Account Domain:		WORKGROUP
	Logon ID:		0x3E7

Logon Information:
	Logon Type:		5
	Restricted Admin Mode:	-
	Remote Credential Guard:	-
	Virtual Account:		No
	Elevated Token:		Yes

Impersonation Level:		Impersonation

New Logon:
	Security ID:		S-1-5-18
	Account Name:		SYSTEM
	Account Domain:		NT AUTHORITY
	Logon ID:		0x3E7
	Linked Logon ID:		0x0
	Network Account Name:	-
	Network Account Domain:	-
	Logon GUID:		{00000000-0000-0000-0000-000000000000}

Process Information:
	Process ID:		0x2ec
	Process Name:		C:\Windows\System32\services.exe

Network Information:
	Workstation Name:	-
	Source Network Address:	-
	Source Port:		-

Detailed Authentication Information:
	Logon Process:		Advapi  
	Authentication Package:	Negotiate
	Transited Services:	-
	Package Name (NTLM only):	-
	Key Length:		0

This event is generated when a logon session is created. It is generated on the computer that was accessed.

The subject fields indicate the account on the local system which requested the logon. This is most commonly a service such as the Server service, or a local process such as Winlogon.exe or Services.exe.

The logon type field indicates the kind of logon that occurred. The most common types are 2 (interactive) and 3 (network).

The New Logon fields indicate the account for whom the new logon was created, i.e. the account that was logged on.

The network fields indicate where a remote logon request originated. Workstation name is not always available and may be left blank in some cases.

The impersonation level field indicates the extent to which a process in the logon session can impersonate.

The authentication information fields provide detailed information about this specific logon request.
	- Logon GUID is a unique identifier that can be used to correlate this event with a KDC event.
	- Transited services indicate which intermediate services have participated in this logon request.
	- Package name indicates which sub-protocol was used among the NTLM protocols.
	- Key length indicates the length of the generated session key. This will be 0 if no session key was requested.""",3,2024-09-05T06:15:26.0323295Z,2242,11028,test,12544,776,AUDIT_SUCCESS,Microsoft-Windows-Security-Auditing,3,FALSE,3,Windows logon success.,"[""windows"",""windows_security"",""authentication_success""]",60106,windows_eventchannel,log,"Sep 5, 2024 @ 06:15:26.991",EventChannel,1725516926.484861,"Sep 5, 2024 @ 06:15:26.991",0x3e7,WORKGROUP,0x0,%%1833,Negotiate,0x3e7,Advapi,{00000000-0000-0000-0000-000000000000},SYSTEM,0,%%1842,S-1-5-18,0x2ec,C:\\Windows\\System32\\services.exe,NT AUTHORITY,S-1-5-18,%%1843,5,TEST$,"[""164.312.b""]","[""10.2.5""]","[""CC6.8"",""CC7.2"",""CC7.3""]","[""AC.7"",""AU.14""]","[""IV_32.2""]","[""Valid Accounts""]","[""T1078""]","[""Defense Evasion"",""Persistence"",""Privilege Escalation"",""Initial Access""]","[""7.1"",""7.2""]", , , , , , , , , , , , , , , , , , , , , , , , , , , , , , , , , , , , , , , , , , , , , , , , , , , , , , , , , , , , , , , , , , , , , , , , , , , , , , , , , , , , , , , , , , , , , , , , , , , , , , , , , , , , , , , , , , , , , , , , , , , , , , , , , , , , , , , , , , , , , , , , , , 
GkndwJEBz5Sj0Mnm6ak4,1,1,192.168.28.148,Windows,001,ubuntu, , , , ,4624,0x8020000000000000,{54849625-5478-4994-a5ba-3e3b0328c30d},0,Security,0,"""An account was successfully logged on.

Subject:
	Security ID:		S-1-5-18
	Account Name:		TEST$
	Account Domain:		WORKGROUP
	Logon ID:		0x3E7

Logon Information:
	Logon Type:		5
	Restricted Admin Mode:	-
	Remote Credential Guard:	-
	Virtual Account:		No
	Elevated Token:		Yes

Impersonation Level:		Impersonation

New Logon:
	Security ID:		S-1-5-18
	Account Name:		SYSTEM
	Account Domain:		NT AUTHORITY
	Logon ID:		0x3E7
	Linked Logon ID:		0x0
	Network Account Name:	-
	Network Account Domain:	-
	Logon GUID:		{00000000-0000-0000-0000-000000000000}

Process Information:
	Process ID:		0x2ec
	Process Name:		C:\Windows\System32\services.exe

Network Information:
	Workstation Name:	-
	Source Network Address:	-
	Source Port:		-

Detailed Authentication Information:
	Logon Process:		Advapi  
	Authentication Package:	Negotiate
	Transited Services:	-
	Package Name (NTLM only):	-
	Key Length:		0

This event is generated when a logon session is created. It is generated on the computer that was accessed.

The subject fields indicate the account on the local system which requested the logon. This is most commonly a service such as the Server service, or a local process such as Winlogon.exe or Services.exe.

The logon type field indicates the kind of logon that occurred. The most common types are 2 (interactive) and 3 (network).

The New Logon fields indicate the account for whom the new logon was created, i.e. the account that was logged on.

The network fields indicate where a remote logon request originated. Workstation name is not always available and may be left blank in some cases.

The impersonation level field indicates the extent to which a process in the logon session can impersonate.

The authentication information fields provide detailed information about this specific logon request.
	- Logon GUID is a unique identifier that can be used to correlate this event with a KDC event.
	- Transited services indicate which intermediate services have participated in this logon request.
	- Package name indicates which sub-protocol was used among the NTLM protocols.
	- Key length indicates the length of the generated session key. This will be 0 if no session key was requested.""",3,2024-09-05T06:27:25.2493067Z,2244,808,test,12544,776,AUDIT_SUCCESS,Microsoft-Windows-Security-Auditing,4,FALSE,3,Windows logon success.,"[""windows"",""windows_security"",""authentication_success""]",60106,windows_eventchannel,log,"Sep 5, 2024 @ 06:27:26.263",EventChannel,1725517646.494208,"Sep 5, 2024 @ 06:27:26.263",0x3e7,WORKGROUP,0x0,%%1833,Negotiate,0x3e7,Advapi,{00000000-0000-0000-0000-000000000000},SYSTEM,0,%%1842,S-1-5-18,0x2ec,C:\\Windows\\System32\\services.exe,NT AUTHORITY,S-1-5-18,%%1843,5,TEST$,"[""164.312.b""]","[""10.2.5""]","[""CC6.8"",""CC7.2"",""CC7.3""]","[""AC.7"",""AU.14""]","[""IV_32.2""]","[""Valid Accounts""]","[""T1078""]","[""Defense Evasion"",""Persistence"",""Privilege Escalation"",""Initial Access""]","[""7.1"",""7.2""]", , , , , , , , , , , , , , , , , , , , , , , , , , , , , , , , , , , , , , , , , , , , , , , , , , , , , , , , , , , , , , , , , , , , , , , , , , , , , , , , , , , , , , , , , , , , , , , , , , , , , , , , , , , , , , , , , , , , , , , , , , , , , , , , , , , , , , , , , , , , , , , , , , 
DEnLwJEBz5Sj0MnmmamK,1,1,192.168.28.148,Windows,001,ubuntu, , , , ,7040,0x8080000000000000,{555908d1-a6d7-4695-8e1e-26931d2012f4},4,System,0,"""The start type of the Background Intelligent Transfer Service service was changed from demand start to auto start.""",0,2024-09-05T06:07:27.0379131Z,1025,8996,test,0,748,INFORMATION,Service Control Manager,1,FALSE,3,Service startup type was changed,"[""windows"",""windows_system"",""policy_changed""]",61104,windows_eventchannel,log,"Sep 5, 2024 @ 06:07:27.969",EventChannel,1725516447.481259,"Sep 5, 2024 @ 06:07:27.969", , , , , , , , , , , , , , , , , , , ,"[""164.312.b""]","[""10.6""]","[""CC6.1"",""CC6.8"",""CC7.2"",""CC7.3""]","[""AU.6""]","[""IV_35.7.d""]", , , , , , , , , , , , , , , , , , , , , , , , , , , , , , , , , , , , , , , , , , , , , ,auto start,BITS,Background Intelligent Transfer Service,demand start,Service Control Manager,This does not appear to be logged on Windows 2000, , , , , , , , , , , , , , , , , , , , , , , , , , , , , , , , , , , , , , , , , , , , , , , , , , , , , , , , , , , , , , , , , , , , , , , , , , , , , , , , , , , , , , , , , , , , , , , , , , , 
OEkCwZEBz5Sj0MnmnKkv,1,1,192.168.28.148,Windows,001,ubuntu, , , , ,7040,0x8080000000000000,{555908d1-a6d7-4695-8e1e-26931d2012f4},4,System,0,"""The start type of the Background Intelligent Transfer Service service was changed from demand start to auto start.""",0,2024-09-05T07:07:34.9552700Z,1032,6280,test,0,748,INFORMATION,Service Control Manager,1,FALSE,3,Service startup type was changed,"[""windows"",""windows_system"",""policy_changed""]",61104,windows_eventchannel,log,"Sep 5, 2024 @ 07:07:36.025",EventChannel,1725520056,"Sep 5, 2024 @ 07:07:36.025", , , , , , , , , , , , , , , , , , , ,"[""164.312.b""]","[""10.6""]","[""CC6.1"",""CC6.8"",""CC7.2"",""CC7.3""]","[""AU.6""]","[""IV_35.7.d""]", , , , , , , , , , , , , , , , , , , , , , , , , , , , , , , , , , , , , , , , , , , , , ,auto start,BITS,Background Intelligent Transfer Service,demand start,Service Control Manager,This does not appear to be logged on Windows 2000, , , , , , , , , , , , , , , , , , , , , , , , , , , , , , , , , , , , , , , , , , , , , , , , , , , , , , , , , , , , , , , , , , , , , , , , , , , , , , , , , , , , , , , , , , , , , , , , , , , 
O0kEwZEBz5Sj0Mnm0qmW,1,1,192.168.28.148,Windows,001,ubuntu, , , , ,7040,0x8080000000000000,{555908d1-a6d7-4695-8e1e-26931d2012f4},4,System,0,"""The start type of the Background Intelligent Transfer Service service was changed from auto start to demand start.""",0,2024-09-05T07:09:55.2052068Z,1033,6280,test,0,748,INFORMATION,Service Control Manager,2,FALSE,3,Service startup type was changed,"[""windows"",""windows_system"",""policy_changed""]",61104,windows_eventchannel,log,"Sep 5, 2024 @ 07:09:56.274",EventChannel,1725520196,"Sep 5, 2024 @ 07:09:56.274", , , , , , , , , , , , , , , , , , , ,"[""164.312.b""]","[""10.6""]","[""CC6.1"",""CC6.8"",""CC7.2"",""CC7.3""]","[""AU.6""]","[""IV_35.7.d""]", , , , , , , , , , , , , , , , , , , , , , , , , , , , , , , , , , , , , , , , , , , , , ,demand start,BITS,Background Intelligent Transfer Service,auto start,Service Control Manager,This does not appear to be logged on Windows 2000, , , , , , , , , , , , , , , , , , , , , , , , , , , , , , , , , , , , , , , , , , , , , , , , , , , , , , , , , , , , , , , , , , , , , , , , , , , , , , , , , , , , , , , , , , , , , , , , , , , 
AUm8wJEBz5Sj0Mnm-6ko,1,1,192.168.28.148,Windows,001,ubuntu,128,7324,02000000C0A81C02000000000000000000000000000000000000000000000000000000000000000000000000000000000000000000000000000000000000000000000000000000000000000000000000000000000000000000000000000000000000000000000000000000000000000000000000000000000000000000000000,wpad,1014,0x4000000010000000,{1c95126e-7eea-49a9-a3fe-a378b03ddb4d},3,System,0,"""Name resolution for the name wpad timed out after none of the configured DNS servers responded. Client PID 7324.""",1,2024-09-05T05:51:32.0349723Z,1023,9240,test,1014,1960,WARNING,Microsoft-Windows-DNS-Client,4,FALSE,5,Name resolution for the name wpad timed out,"[""windows"",""windows_system""]",61109,windows_eventchannel,log,"Sep 5, 2024 @ 05:51:32.900",EventChannel,1725515492.462569,"Sep 5, 2024 @ 05:51:32.900", , , , , , , , , , , , , , , , , , , , , , , , , , , , , , , , , , , , , , , , , , , , , , , , , , , , , , , , , , , , , , , , , , , , , , , , , , , , , , , , , , , , , , , , , , , , , , , , , , , , , , , , , , , , , , , , , , , , , , , , , , , , , , , , , , , , , , , , , , , , , , , , , , , , , , , , , , , , , , , , , , , , , , , , , , , , , , 
IEnlwJEBz5Sj0MnmT6nX,1,1,192.168.28.148,Windows,001,ubuntu,128,2468,02000000C0A81C02000000000000000000000000000000000000000000000000000000000000000000000000000000000000000000000000000000000000000000000000000000000000000000000000000000000000000000000000000000000000000000000000000000000000000000000000000000000000000000000000,wpad,1014,0x4000000010000000,{1c95126e-7eea-49a9-a3fe-a378b03ddb4d},3,System,0,"""Name resolution for the name wpad timed out after none of the configured DNS servers responded. Client PID 2468.""",1,2024-09-05T06:35:31.0630081Z,1029,5916,test,1014,1960,WARNING,Microsoft-Windows-DNS-Client,3,FALSE,5,Name resolution for the name wpad timed out,"[""windows"",""windows_system""]",61109,windows_eventchannel,log,"Sep 5, 2024 @ 06:35:32.058",EventChannel,1725518132.501515,"Sep 5, 2024 @ 06:35:32.058", , , , , , , , , , , , , , , , , , , , , , , , , , , , , , , , , , , , , , , , , , , , , , , , , , , , , , , , , , , , , , , , , , , , , , , , , , , , , , , , , , , , , , , , , , , , , , , , , , , , , , , , , , , , , , , , , , , , , , , , , , , , , , , , , , , , , , , , , , , , , , , , , , , , , , , , , , , , , , , , , , , , , , , , , , , , , , 
LUn7wJEBz5Sj0MnmXKmg,1,1, ,ubuntu,000,ubuntu, , , , , , , , , , , , , , , , , , , , ,2,FALSE,3,PAM: Login session closed.,"[""pam"",""syslog""]",5502,pam,log,"Sep 5, 2024 @ 06:59:41.777",/var/log/auth.log,1725519581.513283,"Sep 5, 2024 @ 06:59:41.777", , , , , , , , , , , , , , , , , , , ,"[""164.312.b""]","[""10.2.5""]","[""CC6.8"",""CC7.2"",""CC7.3""]","[""AU.14"",""AC.7""]","[""IV_32.2""]", , , ,"[""7.8"",""7.9""]", , , , ,Sep  4 23:59:40 ubuntu su[5201]: pam_unix(su:session): session closed for user root, , , , , , , , , , , , , , , , , , , , , , , , , , ,ubuntu,su,9/4/24 23:59, ,root,pam, , , , , , , , , , , , , , , , , , , , , , , , , , , , , , , , , , , , , , , , , , , , , , , , , , , , , , , , , , , , , , , , , , , , , , , , , , , , , , , , , , , , , , , , , , , , , , , , , , , , , , , , , , , , , 
L0n7wJEBz5Sj0MnmXKmg,1,1, ,ubuntu,000,ubuntu, , , , , , , , , , , , , , , , , , , , ,4,FALSE,3,PAM: Login session closed.,"[""pam"",""syslog""]",5502,pam,log,"Sep 5, 2024 @ 06:59:41.777",/var/log/auth.log,1725519581.514015,"Sep 5, 2024 @ 06:59:41.777", , , , , , , , , , , , , , , , , , , ,"[""164.312.b""]","[""10.2.5""]","[""CC6.8"",""CC7.2"",""CC7.3""]","[""AU.14"",""AC.7""]","[""IV_32.2""]", , , ,"[""7.8"",""7.9""]", , , , ,Sep  4 23:59:40 ubuntu sshd[5154]: pam_unix(sshd:session): session closed for user pseudology, , , , , , , , , , , , , , , , , , , , , , , , , , ,ubuntu,sshd,9/4/24 23:59, ,pseudology,pam, , , , , , , , , , , , , , , , , , , , , , , , , , , , , , , , , , , , , , , , , , , , , , , , , , , , , , , , , , , , , , , , , , , , , , , , , , , , , , , , , , , , , , , , , , , , , , , , , , , , , , , , , , , , , 
kklTwZEBz5Sj0MnmBqn2,1,1,192.168.28.148,Windows,001,ubuntu, , , , ,4624,0x8020000000000000,{54849625-5478-4994-a5ba-3e3b0328c30d},0,Security,0,"""An account was successfully logged on.

Subject:
	Security ID:		S-1-5-18
	Account Name:		TEST$
	Account Domain:		WORKGROUP
	Logon ID:		0x3E7

Logon Information:
	Logon Type:		5
	Restricted Admin Mode:	-
	Remote Credential Guard:	-
	Virtual Account:		No
	Elevated Token:		Yes

Impersonation Level:		Impersonation

New Logon:
	Security ID:		S-1-5-18
	Account Name:		SYSTEM
	Account Domain:		NT AUTHORITY
	Logon ID:		0x3E7
	Linked Logon ID:		0x0
	Network Account Name:	-
	Network Account Domain:	-
	Logon GUID:		{00000000-0000-0000-0000-000000000000}

Process Information:
	Process ID:		0x2ec
	Process Name:		C:\Windows\System32\services.exe

Network Information:
	Workstation Name:	-
	Source Network Address:	-
	Source Port:		-

Detailed Authentication Information:
	Logon Process:		Advapi  
	Authentication Package:	Negotiate
	Transited Services:	-
	Package Name (NTLM only):	-
	Key Length:		0

This event is generated when a logon session is created. It is generated on the computer that was accessed.

The subject fields indicate the account on the local system which requested the logon. This is most commonly a service such as the Server service, or a local process such as Winlogon.exe or Services.exe.

The logon type field indicates the kind of logon that occurred. The most common types are 2 (interactive) and 3 (network).

The New Logon fields indicate the account for whom the new logon was created, i.e. the account that was logged on.

The network fields indicate where a remote logon request originated. Workstation name is not always available and may be left blank in some cases.

The impersonation level field indicates the extent to which a process in the logon session can impersonate.

The authentication information fields provide detailed information about this specific logon request.
	- Logon GUID is a unique identifier that can be used to correlate this event with a KDC event.
	- Transited services indicate which intermediate services have participated in this logon request.
	- Package name indicates which sub-protocol was used among the NTLM protocols.
	- Key length indicates the length of the generated session key. This will be 0 if no session key was requested.""",3,2024-09-05T08:35:17.6931601Z,9493,808,test,12544,776,AUDIT_SUCCESS,Microsoft-Windows-Security-Auditing,9,FALSE,3,Windows logon success.,"[""windows"",""windows_security"",""authentication_success""]",60106,windows_eventchannel,log,"Sep 5, 2024 @ 08:35:18.900",EventChannel,1725525318.255520,"Sep 5, 2024 @ 08:35:18.900",0x3e7,WORKGROUP,0x0,%%1833,Negotiate,0x3e7,Advapi,{00000000-0000-0000-0000-000000000000},SYSTEM,0,%%1842,S-1-5-18,0x2ec,C:\\Windows\\System32\\services.exe,NT AUTHORITY,S-1-5-18,%%1843,5,TEST$,"[""164.312.b""]","[""10.2.5""]","[""CC6.8"",""CC7.2"",""CC7.3""]","[""AC.7"",""AU.14""]","[""IV_32.2""]","[""Valid Accounts""]","[""T1078""]","[""Defense Evasion"",""Persistence"",""Privilege Escalation"",""Initial Access""]","[""7.1"",""7.2""]", , , , , , , , , , , , , , , , , , , , , , , , , , , , , , , , , , , , , , , , , , , , , , , , , , , , , , , , , , , , , , , , , , , , , , , , , , , , , , , , , , , , , , , , , , , , , , , , , , , , , , , , , , , , , , , , , , , , , , , , , , , , , , , , , , , , , , , , , , , , , , , , , , 
k0lTwZEBz5Sj0MnmBqn2,1,1,192.168.28.148,Windows,001,ubuntu, , , , ,11707,0x80000000000000, ,4,Application,0,"""Product: Microsoft Update Health Tools -- Installation completed successfully.""",0,2024-09-05T08:35:21.7360832Z,483,0,test,0,11872,INFORMATION,MsiInstaller,1,FALSE,3,Application installed Product: Microsoft Update Health Tools -- Installation completed successfully..,"[""windows"",""windows_application""]",60612,windows_eventchannel,log,"Sep 5, 2024 @ 08:35:21.944",EventChannel,1725525321.262827,"Sep 5, 2024 @ 08:35:21.944", , , , , , , , , , , , , , , , , , , , , , , , , , , , , , , , , , , , , , , , , , , , , , , , , , , , , , , , , , , , , , , , , , , , , , , , , , , , , ,7B43364644363131452D374546452D343838432D413045302D3937344330394546363437337D, , , , , , , , , , , , , , , , , , , , , , , , , , , , , , , , ,Product: Microsoft Update Health Tools -- Installation completed successfully., , , , , , , , , , , , , , , , , , , , , , , , , , , , , , , , , , , , , , , , , , , , , , , , , , , , , , , , , , , , , , , 
lElTwZEBz5Sj0MnmBqn2,1,1,192.168.28.148,Windows,001,ubuntu, , , , ,1033,0x80000000000000, ,4,Application,0,"""Windows Installer installed the product. Product Name: Microsoft Update Health Tools. Product Version: 5.72.0.0. Product Language: 0. Manufacturer: Microsoft Corporation. Installation success or error status: 0.""",0,2024-09-05T08:35:21.7363899Z,484,0,test,0,11872,INFORMATION,MsiInstaller,2,FALSE,3,"Application installed Microsoft Update Health Tools, 5.72.0.0, 0, 0, Microsoft Corporation.","[""windows"",""windows_application""]",60612,windows_eventchannel,log,"Sep 5, 2024 @ 08:35:21.965",EventChannel,1725525321.264384,"Sep 5, 2024 @ 08:35:21.965", , , , , , , , , , , , , , , , , , , , , , , , , , , , , , , , , , , , , , , , , , , , , , , , , , , , , , , , , , , , , , , , , , , , , , , , , , , , , ,7B43364644363131452D374546452D343838432D413045302D3937344330394546363437337D3030303066303539656662643737633436653437353137313830373038313864336663303030303030303030, , , , , , , , , , , , , , , , , , , , , , , , , , , , , , , , ,"Microsoft Update Health Tools, 5.72.0.0, 0, 0, Microsoft Corporation", , , , , , , , , , , , , , , , , , , , , , , , , , , , , , , , , , , , , , , , , , , , , , , , , , , , , , , , , , , , , , , 
TkkVwZEBz5Sj0Mnm_alL,1,1,192.168.28.148,Windows,001,ubuntu, , , , ,4624,0x8020000000000000,{54849625-5478-4994-a5ba-3e3b0328c30d},0,Security,0,"""An account was successfully logged on.

Subject:
	Security ID:		S-1-5-18
	Account Name:		TEST$
	Account Domain:		WORKGROUP
	Logon ID:		0x3E7

Logon Information:
	Logon Type:		5
	Restricted Admin Mode:	-
	Remote Credential Guard:	-
	Virtual Account:		No
	Elevated Token:		Yes

Impersonation Level:		Impersonation

New Logon:
	Security ID:		S-1-5-18
	Account Name:		SYSTEM
	Account Domain:		NT AUTHORITY
	Logon ID:		0x3E7
	Linked Logon ID:		0x0
	Network Account Name:	-
	Network Account Domain:	-
	Logon GUID:		{00000000-0000-0000-0000-000000000000}

Process Information:
	Process ID:		0x2ec
	Process Name:		C:\Windows\System32\services.exe

Network Information:
	Workstation Name:	-
	Source Network Address:	-
	Source Port:		-

Detailed Authentication Information:
	Logon Process:		Advapi  
	Authentication Package:	Negotiate
	Transited Services:	-
	Package Name (NTLM only):	-
	Key Length:		0

This event is generated when a logon session is created. It is generated on the computer that was accessed.

The subject fields indicate the account on the local system which requested the logon. This is most commonly a service such as the Server service, or a local process such as Winlogon.exe or Services.exe.

The logon type field indicates the kind of logon that occurred. The most common types are 2 (interactive) and 3 (network).

The New Logon fields indicate the account for whom the new logon was created, i.e. the account that was logged on.

The network fields indicate where a remote logon request originated. Workstation name is not always available and may be left blank in some cases.

The impersonation level field indicates the extent to which a process in the logon session can impersonate.

The authentication information fields provide detailed information about this specific logon request.
	- Logon GUID is a unique identifier that can be used to correlate this event with a KDC event.
	- Transited services indicate which intermediate services have participated in this logon request.
	- Package name indicates which sub-protocol was used among the NTLM protocols.
	- Key length indicates the length of the generated session key. This will be 0 if no session key was requested.""",3,2024-09-05T07:28:45.9063293Z,2270,9512,test,12544,776,AUDIT_SUCCESS,Microsoft-Windows-Security-Auditing,11,FALSE,3,Windows logon success.,"[""windows"",""windows_security"",""authentication_success""]",60106,windows_eventchannel,log,"Sep 5, 2024 @ 07:28:47.080",EventChannel,1725521328,"Sep 5, 2024 @ 07:28:47.080",0x3e7,WORKGROUP,0x0,%%1833,Negotiate,0x3e7,Advapi,{00000000-0000-0000-0000-000000000000},SYSTEM,0,%%1842,S-1-5-18,0x2ec,C:\\Windows\\System32\\services.exe,NT AUTHORITY,S-1-5-18,%%1843,5,TEST$,"[""164.312.b""]","[""10.2.5""]","[""CC6.8"",""CC7.2"",""CC7.3""]","[""AC.7"",""AU.14""]","[""IV_32.2""]","[""Valid Accounts""]","[""T1078""]","[""Defense Evasion"",""Persistence"",""Privilege Escalation"",""Initial Access""]","[""7.1"",""7.2""]", , , , , , , , , , , , , , , , , , , , , , , , , , , , , , , , , , , , , , , , , , , , , , , , , , , , , , , , , , , , , , , , , , , , , , , , , , , , , , , , , , , , , , , , , , , , , , , , , , , , , , , , , , , , , , , , , , , , , , , , , , , , , , , , , , , , , , , , , , , , , , , , , , 
UEkVwZEBz5Sj0Mnm_alL,1,1,192.168.28.148,Windows,001,ubuntu, , , , ,7040,0x8080000000000000,{555908d1-a6d7-4695-8e1e-26931d2012f4},4,System,0,"""The start type of the Background Intelligent Transfer Service service was changed from demand start to auto start.""",0,2024-09-05T07:28:46.2112425Z,1041,7760,test,0,748,INFORMATION,Service Control Manager,3,FALSE,3,Service startup type was changed,"[""windows"",""windows_system"",""policy_changed""]",61104,windows_eventchannel,log,"Sep 5, 2024 @ 07:28:47.394",EventChannel,1725521327.102108,"Sep 5, 2024 @ 07:28:47.394", , , , , , , , , , , , , , , , , , , ,"[""164.312.b""]","[""10.6""]","[""CC6.1"",""CC6.8"",""CC7.2"",""CC7.3""]","[""AU.6""]","[""IV_35.7.d""]", , , , , , , , , , , , , , , , , , , , , , , , , , , , , , , , , , , , , , , , , , , , , ,auto start,BITS,Background Intelligent Transfer Service,demand start,Service Control Manager,This does not appear to be logged on Windows 2000, , , , , , , , , , , , , , , , , , , , , , , , , , , , , , , , , , , , , , , , , , , , , , , , , , , , , , , , , , , , , , , , , , , , , , , , , , , , , , , , , , , , , , , , , , , , , , , , , , , 
iUlQwZEBz5Sj0Mnm5KkO,1,1,192.168.28.148,Windows,001,ubuntu, , , , ,4624,0x8020000000000000,{54849625-5478-4994-a5ba-3e3b0328c30d},0,Security,0,"""An account was successfully logged on.

