Subject:
	Security ID:		S-1-5-18
	Account Name:		TEST$
	Account Domain:		WORKGROUP
	Logon ID:		0x3E7

Logon Information:
	Logon Type:		5
	Restricted Admin Mode:	-
	Remote Credential Guard:	-
	Virtual Account:		No
	Elevated Token:		Yes

Impersonation Level:		Impersonation

New Logon:
	Security ID:		S-1-5-18
	Account Name:		SYSTEM
	Account Domain:		NT AUTHORITY
	Logon ID:		0x3E7
	Linked Logon ID:		0x0
	Network Account Name:	-
	Network Account Domain:	-
	Logon GUID:		{00000000-0000-0000-0000-000000000000}

Process Information:
	Process ID:		0x2ec
	Process Name:		C:\Windows\System32\services.exe

Network Information:
	Workstation Name:	-
	Source Network Address:	-
	Source Port:		-

Detailed Authentication Information:
	Logon Process:		Advapi  
	Authentication Package:	Negotiate
	Transited Services:	-
	Package Name (NTLM only):	-
	Key Length:		0

This event is generated when a logon session is created. It is generated on the computer that was accessed.

The subject fields indicate the account on the local system which requested the logon. This is most commonly a service such as the Server service, or a local process such as Winlogon.exe or Services.exe.

The logon type field indicates the kind of logon that occurred. The most common types are 2 (interactive) and 3 (network).

The New Logon fields indicate the account for whom the new logon was created, i.e. the account that was logged on.

The network fields indicate where a remote logon request originated. Workstation name is not always available and may be left blank in some cases.

The impersonation level field indicates the extent to which a process in the logon session can impersonate.

The authentication information fields provide detailed information about this specific logon request.
	- Logon GUID is a unique identifier that can be used to correlate this event with a KDC event.
	- Transited services indicate which intermediate services have participated in this logon request.
	- Package name indicates which sub-protocol was used among the NTLM protocols.
	- Key length indicates the length of the generated session key. This will be 0 if no session key was requested.""",3,2024-09-05T08:31:45.9573162Z,9448,10208,test,12544,776,AUDIT_SUCCESS,Microsoft-Windows-Security-Auditing,3,FALSE,3,Windows logon success.,"[""windows"",""windows_security"",""authentication_success""]",60106,windows_eventchannel,log,"Sep 5, 2024 @ 08:31:47.147",EventChannel,1725525107.208406,"Sep 5, 2024 @ 08:31:47.147",0x3e7,WORKGROUP,0x0,%%1833,Negotiate,0x3e7,Advapi,{00000000-0000-0000-0000-000000000000},SYSTEM,0,%%1842,S-1-5-18,0x2ec,C:\\Windows\\System32\\services.exe,NT AUTHORITY,S-1-5-18,%%1843,5,TEST$,"[""164.312.b""]","[""10.2.5""]","[""CC6.8"",""CC7.2"",""CC7.3""]","[""AC.7"",""AU.14""]","[""IV_32.2""]","[""Valid Accounts""]","[""T1078""]","[""Defense Evasion"",""Persistence"",""Privilege Escalation"",""Initial Access""]","[""7.1"",""7.2""]", , , , , , , , , , , , , , , , , , , , , , , , , , , , , , , , , , , , , , , , , , , , , , , , , , , , , , , , , , , , , , , , , , , , , , , , , , , , , , , , , , , , , , , , , , , , , , , , , , , , , , , , , , , , , , , , , , , , , , , , , , , , , , , , , , , , , , , , , , , , , , , , , , 
jUlRwZEBz5Sj0Mnmuqnk,1,1,192.168.28.148,Windows,001,ubuntu, , , , ,4624,0x8020000000000000,{54849625-5478-4994-a5ba-3e3b0328c30d},0,Security,0,"""An account was successfully logged on.

Subject:
	Security ID:		S-1-5-18
	Account Name:		TEST$
	Account Domain:		WORKGROUP
	Logon ID:		0x3E7

Logon Information:
	Logon Type:		5
	Restricted Admin Mode:	-
	Remote Credential Guard:	-
	Virtual Account:		No
	Elevated Token:		Yes

Impersonation Level:		Impersonation

New Logon:
	Security ID:		S-1-5-18
	Account Name:		SYSTEM
	Account Domain:		NT AUTHORITY
	Logon ID:		0x3E7
	Linked Logon ID:		0x0
	Network Account Name:	-
	Network Account Domain:	-
	Logon GUID:		{00000000-0000-0000-0000-000000000000}

Process Information:
	Process ID:		0x2ec
	Process Name:		C:\Windows\System32\services.exe

Network Information:
	Workstation Name:	-
	Source Network Address:	-
	Source Port:		-

Detailed Authentication Information:
	Logon Process:		Advapi  
	Authentication Package:	Negotiate
	Transited Services:	-
	Package Name (NTLM only):	-
	Key Length:		0

This event is generated when a logon session is created. It is generated on the computer that was accessed.

The subject fields indicate the account on the local system which requested the logon. This is most commonly a service such as the Server service, or a local process such as Winlogon.exe or Services.exe.

The logon type field indicates the kind of logon that occurred. The most common types are 2 (interactive) and 3 (network).

The New Logon fields indicate the account for whom the new logon was created, i.e. the account that was logged on.

The network fields indicate where a remote logon request originated. Workstation name is not always available and may be left blank in some cases.

The impersonation level field indicates the extent to which a process in the logon session can impersonate.

The authentication information fields provide detailed information about this specific logon request.
	- Logon GUID is a unique identifier that can be used to correlate this event with a KDC event.
	- Transited services indicate which intermediate services have participated in this logon request.
	- Package name indicates which sub-protocol was used among the NTLM protocols.
	- Key length indicates the length of the generated session key. This will be 0 if no session key was requested.""",3,2024-09-05T08:33:58.4970191Z,9458,808,test,12544,776,AUDIT_SUCCESS,Microsoft-Windows-Security-Auditing,7,FALSE,3,Windows logon success.,"[""windows"",""windows_security"",""authentication_success""]",60106,windows_eventchannel,log,"Sep 5, 2024 @ 08:33:59.699",EventChannel,1725525239.239445,"Sep 5, 2024 @ 08:33:59.699",0x3e7,WORKGROUP,0x0,%%1833,Negotiate,0x3e7,Advapi,{00000000-0000-0000-0000-000000000000},SYSTEM,0,%%1842,S-1-5-18,0x2ec,C:\\Windows\\System32\\services.exe,NT AUTHORITY,S-1-5-18,%%1843,5,TEST$,"[""164.312.b""]","[""10.2.5""]","[""CC6.8"",""CC7.2"",""CC7.3""]","[""AC.7"",""AU.14""]","[""IV_32.2""]","[""Valid Accounts""]","[""T1078""]","[""Defense Evasion"",""Persistence"",""Privilege Escalation"",""Initial Access""]","[""7.1"",""7.2""]", , , , , , , , , , , , , , , , , , , , , , , , , , , , , , , , , , , , , , , , , , , , , , , , , , , , , , , , , , , , , , , , , , , , , , , , , , , , , , , , , , , , , , , , , , , , , , , , , , , , , , , , , , , , , , , , , , , , , , , , , , , , , , , , , , , , , , , , , , , , , , , , , , 
YkkcwZEBz5Sj0Mnm_qld,1,1,192.168.28.148,Windows,001,ubuntu, , , , ,20,0x8000000000000028,{945a8954-c147-4acd-923f-40c45405a658},2,System,13,"""Installation Failure: Windows failed to install the following update with error 0x80073D02: 9WZDNCRFJBH4-Microsoft.Windows.Photos.""",1,2024-09-05T07:36:23.5866566Z,1202,12652,test,1,10264,ERROR,Microsoft-Windows-WindowsUpdateClient,2,FALSE,5,Windows System error event,"[""windows"",""windows_system"",""system_error""]",61102,windows_eventchannel,log,"Sep 5, 2024 @ 07:36:24.500",EventChannel,1725521784.159526,"Sep 5, 2024 @ 07:36:24.500", , , , , , , , , , , , , , , , , , , , , , , ,"[""IV_35.7.d""]", , , ,"[""4.3""]", , , , , , , , , , , , , , , , , , , , , , , , , , , , , , , , , , , , , , , , , , , , , , , , , , , , , , , , , , , , , , , , , , , , , , , , , , , , , , , , , , , , , , , , , , , , , , , , , , , , , , , , , , , , , , , , , , , , , , , , , , , , , , , , , , , , ,1,{3795fd7d-382d-4414-8c1d-7b08545b5e08},{855e8a7c-ecb4-4ca3-b045-1dfa50104289},0x80073d02,9WZDNCRFJBH4-Microsoft.Windows.Photos, , , , , , , , , 
Y0kcwZEBz5Sj0Mnm_qld,1,1,192.168.28.148,Windows,001,ubuntu, , , , ,1001,0x8000000000000000,{0ead09bd-2157-539a-8d6d-c87f95b64d70},4,Application,0,"""Fault bucket , type 0
Event Name: StoreAgentInstallFailure1
Response: Not available
Cab Id: 0

Problem signature:
P1: Update;ScanForUpdatesForUser
P2: 80073d02
P3: 22631
P4: 2861
P5: Windows.Desktop
P6: 4
P7: 
P8: 
P9: 
P10: 

Attached files:

These files may be available here:
\\?\C:\ProgramData\Microsoft\Windows\WER\ReportQueue\NonCritical_Update;ScanForUp_4f2199679991c6678ecd921e65c31891e294167_00000000_fbabbf30-cdbb-48d8-afa9-a362ea60d741

Analysis symbol: 
Rechecking for solution: 0
Report Id: fbabbf30-cdbb-48d8-afa9-a362ea60d741
Report Status: 4
Hashed bucket: 
Cab Guid: 0""",0,2024-09-05T07:36:23.7946775Z,478,5836,test,0,6708,INFORMATION,Windows Error Reporting,7,FALSE,4,Summary event of the report's signatures.,"[""windows"",""windows_application""]",60608,windows_eventchannel,log,"Sep 5, 2024 @ 07:36:25.014",EventChannel,1725521785.161414,"Sep 5, 2024 @ 07:36:25.014", , , , , , , , , , , , , , , , , , , , , , , , , , , , , , , , , , , , , , , , , , , , , , , , , , , , , , , , , , , , , , , , , , , , , , , , , , , , , , , , , , , , , , , , , , , , , , , , , , , , , , , , , , , , , , , , ,Update;ScanForUpdatesForUser,80073d02,0,22631, ,2861,fbabbf30-cdbb-48d8-afa9-a362ea60d741,Windows.Desktop,4,4, ,\\\\?\\C:\\ProgramData\\Microsoft\\Windows\\WER\\ReportQueue\\NonCritical_Update;ScanForUp_4f2199679991c6678ecd921e65c31891e294167_00000000_fbabbf30-cdbb-48d8-afa9-a362ea60d741,0, ,Not available,StoreAgentInstallFailure1,0,0, , , , , , , , , , , , , , , , , , , , , , , , , , , , , , , , , , , , , , , , , , , , 
XkkcwZEBz5Sj0MnmjakV,1,1,192.168.28.148,Windows,001,ubuntu, , , , ,1001,0x8000000000000000,{0ead09bd-2157-539a-8d6d-c87f95b64d70},4,Application,0,"""Fault bucket , type 0
Event Name: WindowsWcpOtherFailure3
Response: Not available
Cab Id: 0

Problem signature:
P1: 10.0.22621.4027:1
P2: wcp\rtllib\win32lib\delta_library.cpp
P3: Windows::Rtl::DeltaDecompressBuffer
P4: 341
P5: c007000d
P6: 0xcc7e24df
P7: 
P8: 
P9: 
P10: 

Attached files:

These files may be available here:
\\?\C:\ProgramData\Microsoft\Windows\WER\ReportQueue\Critical_10.0.22621.4027__3581ad5f60fabd5059b45e47fed1ca9cde51bb3_00000000_47da584b-17da-4405-8d49-b4b8a311c689

Analysis symbol: 
Rechecking for solution: 0
Report Id: 47da584b-17da-4405-8d49-b4b8a311c689
Report Status: 4
Hashed bucket: 
Cab Guid: 0""",0,2024-09-05T07:35:50.9945117Z,475,12388,test,0,12392,INFORMATION,Windows Error Reporting,4,FALSE,4,Summary event of the report's signatures.,"[""windows"",""windows_application""]",60608,windows_eventchannel,log,"Sep 5, 2024 @ 07:35:52.149",EventChannel,1725521752.144864,"Sep 5, 2024 @ 07:35:52.149", , , , , , , , , , , , , , , , , , , , , , , , , , , , , , , , , , , , , , , , , , , , , , , , , , , , , , , , , , , , , , , , , , , , , , , , , , , , , , , , , , , , , , , , , , , , , , , , , , , , , , , , , , , , , , , , ,10.0.22621.4027:1,wcp\\rtllib\\win32lib\\delta_library.cpp,0,Windows::Rtl::DeltaDecompressBuffer, ,341,47da584b-17da-4405-8d49-b4b8a311c689,c007000d,0xcc7e24df,4, ,\\\\?\\C:\\ProgramData\\Microsoft\\Windows\\WER\\ReportQueue\\Critical_10.0.22621.4027__3581ad5f60fabd5059b45e47fed1ca9cde51bb3_00000000_47da584b-17da-4405-8d49-b4b8a311c689,0, ,Not available,WindowsWcpOtherFailure3,0,0, , , , , , , , , , , , , , , , , , , , , , , , , , , , , , , , , , , , , , , , , , , , 
X0kcwZEBz5Sj0MnmjakV,1,1,192.168.28.148,Windows,001,ubuntu, , , , ,1001,0x8000000000000000,{0ead09bd-2157-539a-8d6d-c87f95b64d70},4,Application,0,"""Fault bucket , type 0
Event Name: WindowsWcpOtherFailure3
Response: Not available
Cab Id: 0

Problem signature:
P1: 10.0.22621.4027:1
P2: wcp\rtllib\win32lib\delta_library.cpp
P3: Windows::Rtl::DeltaDecompressBuffer
P4: 341
P5: c007000d
P6: 0xcc7e24df
P7: 
P8: 
P9: 
P10: 

Attached files:
\\?\C:\Windows\Logs\CBS\CBS.log
\\?\C:\Windows\servicing\Sessions\Sessions.xml
\\?\C:\Windows\servicing\Sessions\31129445_2764253971.xml
\\?\C:\Windows\WinSxs\poqexec.log
\\?\C:\Windows\Logs\Cbs\FilterList.log

These files may be available here:
NULL

Analysis symbol: 
Rechecking for solution: 0
Report Id: 47da584b-17da-4405-8d49-b4b8a311c689
Report Status: 262148
Hashed bucket: 
Cab Guid: 0""",0,2024-09-05T07:35:51.0293474Z,476,12060,test,0,3080,INFORMATION,Windows Error Reporting,5,FALSE,4,Summary event of the report's signatures.,"[""windows"",""windows_application""]",60608,windows_eventchannel,log,"Sep 5, 2024 @ 07:35:52.186",EventChannel,1725521752.148636,"Sep 5, 2024 @ 07:35:52.186", , , , , , , , , , , , , , , , , , , , , , , , , , , , , , , , , , , , , , , , , , , , , , , , , , , , , , , , , , , , , , , , , , , , , , , , , , , , , , , , , , , , , , , , , , , , , , , , , , , , , , , , , , , , , , , , ,10.0.22621.4027:1,wcp\\rtllib\\win32lib\\delta_library.cpp,0,Windows::Rtl::DeltaDecompressBuffer,  \\\\?\\C:\\Windows\\Logs\\CBS\\CBS.log  \\\\?\\C:\\Windows\\servicing\\Sessions\\Sessions.xml  \\\\?\\C:\\Windows\\servicing\\Sessions\\31129445_2764253971.xml  \\\\?\\C:\\Windows\\WinSxs\\poqexec.log  \\\\?\\C:\\Windows\\Logs\\Cbs\\FilterList.log,341,47da584b-17da-4405-8d49-b4b8a311c689,c007000d,0xcc7e24df,262148, ,NULL,0, ,Not available,WindowsWcpOtherFailure3,0,0, , , , , , , , , , , , , , , , , , , , , , , , , , , , , , , , , , , , , , , , , , , , 
WkkZwZEBz5Sj0Mnmuqlg,1,1,192.168.28.148,Windows,001,ubuntu, , , , ,1001,0x8000000000000000,{0ead09bd-2157-539a-8d6d-c87f95b64d70},4,Application,0,"""Fault bucket 1565442023031721770, type 5
Event Name: StoreAgentInstallFailure1
Response: Not available
Cab Id: 0

Problem signature:
P1: Update;ScanForUpdatesForUser
P2: 80073d02
P3: 22631
P4: 2861
P5: Windows.Desktop
P6: 1
P7: 
P8: 
P9: 
P10: 

Attached files:
\\?\C:\ProgramData\Microsoft\Windows\WER\Temp\WER.693d45d0-a938-4055-8469-afe5836e9612.tmp.WERInternalMetadata.xml

These files may be available here:
\\?\C:\ProgramData\Microsoft\Windows\WER\ReportArchive\NonCritical_Update;ScanForUp_6b60794ca5215985cb3b2187fd6cb1e620c68f_00000000_3a5503af-a88c-445d-8bdb-0c5b45e6299c

Analysis symbol: 
Rechecking for solution: 0
Report Id: 3a5503af-a88c-445d-8bdb-0c5b45e6299c
Report Status: 268435456
Hashed bucket: 9c85223e938a873645b99139d3464f2a
Cab Guid: 0""",0,2024-09-05T07:32:45.6074982Z,474,2880,test,0,10012,INFORMATION,Windows Error Reporting,3,FALSE,4,Summary event of the report's signatures.,"[""windows"",""windows_application""]",60608,windows_eventchannel,log,"Sep 5, 2024 @ 07:32:46.457",EventChannel,1725521566.133096,"Sep 5, 2024 @ 07:32:46.457", , , , , , , , , , , , , , , , , , , , , , , , , , , , , , , , , , , , , , , , , , , , , , , , , , , , , , , , , , , , , , , , , , , , , , , , , , , , , , , , , , , , , , , , , , , , , , , , , , , , , , , , , , , , , , , , ,Update;ScanForUpdatesForUser,80073d02,0,22631,  \\\\?\\C:\\ProgramData\\Microsoft\\Windows\\WER\\Temp\\WER.693d45d0-a938-4055-8469-afe5836e9612.tmp.WERInternalMetadata.xml,2861,3a5503af-a88c-445d-8bdb-0c5b45e6299c,Windows.Desktop,1,268435456,1565442023031721770,\\\\?\\C:\\ProgramData\\Microsoft\\Windows\\WER\\ReportArchive\\NonCritical_Update;ScanForUp_6b60794ca5215985cb3b2187fd6cb1e620c68f_00000000_3a5503af-a88c-445d-8bdb-0c5b45e6299c,5,9c85223e938a873645b99139d3464f2a,Not available,StoreAgentInstallFailure1,0,0, , , , , , , , , , , , , , , , , , , , , , , , , , , , , , , , , , , , , , , , , , , , 
kUlTwZEBz5Sj0MnmBqn2,1,1,192.168.28.148,Windows,001,ubuntu, , , , ,1040,0x80000000000000, ,4,Application,0,"""Beginning a Windows Installer transaction: C:\Windows\TEMP\BEA545F5-2344-40D7-840F-D829174ABC13\UpdHealthTools.msi. Client Process Id: 10264.""",0,2024-09-05T08:35:18.1562236Z,482,0,test,0,11872,INFORMATION,MsiInstaller,1,FALSE,3,Windows installer began an installation process.,"[""windows"",""windows_application""]",60610,windows_eventchannel,log,"Sep 5, 2024 @ 08:35:18.370",EventChannel,1725525318.254059,"Sep 5, 2024 @ 08:35:18.370", , , , , , , , , , , , , , , , , , , , , , , , , , , , , , , , , , , , , , , , , , , , , , , , , , , , , , , , , , , , , , , , , , , , , , , , , , , , , , , , , , , , , , , , , , , , , , , , , , , , , , , , , , , , , , ,"C:\\Windows\\TEMP\\BEA545F5-2344-40D7-840F-D829174ABC13\\UpdHealthTools.msi, 10264", , , , , , , , , , , , , , , , , , , , , , , , , , , , , , , , , , , , , , , , , , , , , , , , , , , , , , , , , , , , , , , 
lUlTwZEBz5Sj0MnmBqn2,1,1,192.168.28.148,Windows,001,ubuntu, , , , ,7045,0x8080000000000000,{555908d1-a6d7-4695-8e1e-26931d2012f4},4,System,0,"""A service was installed in the system.

Service Name:  Microsoft Update Health Service
Service File Name:  ""C:\Program Files\Microsoft Update Health Tools\uhssvc.exe""
Service Type:  user mode service
Service Start Type:  disabled
Service Account:  LocalSystem""",0,2024-09-05T08:35:21.5823693Z,1264,8756,test,0,748,INFORMATION,Service Control Manager,1,FALSE,5,New Windows Service Created,"[""windows"",""windows_system""]",61138,windows_eventchannel,log,"Sep 5, 2024 @ 08:35:22.784",EventChannel,1725525322.266351,"Sep 5, 2024 @ 08:35:22.784", , , , , , , , , , , , , , , , , , , , , , , , ,"[""Windows Service""]","[""T1543.003""]","[""Persistence"",""Privilege Escalation""]", , , , , , , , , , , , , , , , , , , , , , , , , , , , , , , , , , , , , , , , , , , , , , ,Service Control Manager, , , , , , , , , , , , , , , , , , , , , , , , , , , , , , , , , , , , , , , , , , , , , , , , , , , , , , , , ,user mode service,LocalSystem,"\""C:\\Program Files\\Microsoft Update Health Tools\\uhssvc.exe\""",disabled,Microsoft Update Health Service, , , , , , , , , , , , , , , , , , , , , , , , , , , , , , , , , , , , , , , 
hElLwZEBz5Sj0MnmPqmu,1,1,192.168.28.148,Windows,001,ubuntu,128,2468,02000000C0A81C02000000000000000000000000000000000000000000000000000000000000000000000000000000000000000000000000000000000000000000000000000000000000000000000000000000000000000000000000000000000000000000000000000000000000000000000000000000000000000000000000,wpad,1014,0x4000000010000000,{1c95126e-7eea-49a9-a3fe-a378b03ddb4d},3,System,0,"""Name resolution for the name wpad timed out after none of the configured DNS servers responded. Client PID 2468.""",1,2024-09-05T08:26:48.4438149Z,1258,7552,test,1014,1960,WARNING,Microsoft-Windows-DNS-Client,2,FALSE,5,Name resolution for the name wpad timed out,"[""windows"",""windows_system""]",61109,windows_eventchannel,log,"Sep 5, 2024 @ 08:26:49.642",EventChannel,1725524809.206368,"Sep 5, 2024 @ 08:26:49.642", , , , , , , , , , , , , , , , , , , , , , , , , , , , , , , , , , , , , , , , , , , , , , , , , , , , , , , , , , , , , , , , , , , , , , , , , , , , , , , , , , , , , , , , , , , , , , , , , , , , , , , , , , , , , , , , , , , , , , , , , , , , , , , , , , , , , , , , , , , , , , , , , , , , , , , , , , , , , , , , , , , , , , , , , , , , , , 
eUk4wZEBz5Sj0MnmtKlq,1,1,192.168.28.148,Windows,001,ubuntu,128,2468,02000000C0A81C02000000000000000000000000000000000000000000000000000000000000000000000000000000000000000000000000000000000000000000000000000000000000000000000000000000000000000000000000000000000000000000000000000000000000000000000000000000000000000000000000,wpad,1014,0x4000000010000000,{1c95126e-7eea-49a9-a3fe-a378b03ddb4d},3,System,0,"""Name resolution for the name wpad timed out after none of the configured DNS servers responded. Client PID 2468.""",1,2024-09-05T08:06:34.3421122Z,1257,13168,test,1014,1960,WARNING,Microsoft-Windows-DNS-Client,1,FALSE,5,Name resolution for the name wpad timed out,"[""windows"",""windows_system""]",61109,windows_eventchannel,log,"Sep 5, 2024 @ 08:06:35.527",EventChannel,1725523595.197017,"Sep 5, 2024 @ 08:06:35.527", , , , , , , , , , , , , , , , , , , , , , , , , , , , , , , , , , , , , , , , , , , , , , , , , , , , , , , , , , , , , , , , , , , , , , , , , , , , , , , , , , , , , , , , , , , , , , , , , , , , , , , , , , , , , , , , , , , , , , , , , , , , , , , , , , , , , , , , , , , , , , , , , , , , , , , , , , , , , , , , , , , , , , , , , , , , , , 
jEltwZEBz5Sj0Mnm_aqM,1,1,192.168.28.148,Windows,001,ubuntu, , , , ,4624,0x8020000000000000,{54849625-5478-4994-a5ba-3e3b0328c30d},0,Security,0,"""An account was successfully logged on.

Subject:
	Security ID:		S-1-5-18
	Account Name:		TEST$
	Account Domain:		WORKGROUP
	Logon ID:		0x3E7

Logon Information:
	Logon Type:		5
	Restricted Admin Mode:	-
	Remote Credential Guard:	-
	Virtual Account:		No
	Elevated Token:		Yes

Impersonation Level:		Impersonation

New Logon:
	Security ID:		S-1-5-18
	Account Name:		SYSTEM
	Account Domain:		NT AUTHORITY
	Logon ID:		0x3E7
	Linked Logon ID:		0x0
	Network Account Name:	-
	Network Account Domain:	-
	Logon GUID:		{00000000-0000-0000-0000-000000000000}

Process Information:
	Process ID:		0x2dc
	Process Name:		C:\Windows\System32\services.exe

Network Information:
	Workstation Name:	-
	Source Network Address:	-
	Source Port:		-

Detailed Authentication Information:
	Logon Process:		Advapi  
	Authentication Package:	Negotiate
	Transited Services:	-
	Package Name (NTLM only):	-
	Key Length:		0

This event is generated when a logon session is created. It is generated on the computer that was accessed.

The subject fields indicate the account on the local system which requested the logon. This is most commonly a service such as the Server service, or a local process such as Winlogon.exe or Services.exe.

The logon type field indicates the kind of logon that occurred. The most common types are 2 (interactive) and 3 (network).

The New Logon fields indicate the account for whom the new logon was created, i.e. the account that was logged on.

The network fields indicate where a remote logon request originated. Workstation name is not always available and may be left blank in some cases.

The impersonation level field indicates the extent to which a process in the logon session can impersonate.

The authentication information fields provide detailed information about this specific logon request.
	- Logon GUID is a unique identifier that can be used to correlate this event with a KDC event.
	- Transited services indicate which intermediate services have participated in this logon request.
	- Package name indicates which sub-protocol was used among the NTLM protocols.
	- Key length indicates the length of the generated session key. This will be 0 if no session key was requested.""",3,2024-09-05T09:04:50.6116029Z,16856,3424,test,12544,768,AUDIT_SUCCESS,Microsoft-Windows-Security-Auditing,4,FALSE,3,Windows logon success.,"[""windows"",""windows_security"",""authentication_success""]",60106,windows_eventchannel,log,"Sep 5, 2024 @ 09:04:52.133",EventChannel,1725527092.789576,"Sep 5, 2024 @ 09:04:52.133",0x3e7,WORKGROUP,0x0,%%1833,Negotiate,0x3e7,Advapi,{00000000-0000-0000-0000-000000000000},SYSTEM,0,%%1842,S-1-5-18,0x2dc,C:\\Windows\\System32\\services.exe,NT AUTHORITY,S-1-5-18,%%1843,5,TEST$,"[""164.312.b""]","[""10.2.5""]","[""CC6.8"",""CC7.2"",""CC7.3""]","[""AC.7"",""AU.14""]","[""IV_32.2""]","[""Valid Accounts""]","[""T1078""]","[""Defense Evasion"",""Persistence"",""Privilege Escalation"",""Initial Access""]","[""7.1"",""7.2""]", , , , , , , , , , , , , , , , , , , , , , , , , , , , , , , , , , , , , , , , , , , , , , , , , , , , , , , , , , , , , , , , , , , , , , , , , , , , , , , , , , , , , , , , , , , , , , , , , , , , , , , , , , , , , , , , , , , , , , , , , , , , , , , , , , , , , , , , , , , , , , , , , , 
jUltwZEBz5Sj0Mnm_aqM,1,1,192.168.28.148,Windows,001,ubuntu, , , , ,4624,0x8020000000000000,{54849625-5478-4994-a5ba-3e3b0328c30d},0,Security,0,"""An account was successfully logged on.

Subject:
	Security ID:		S-1-5-18
	Account Name:		TEST$
	Account Domain:		WORKGROUP
	Logon ID:		0x3E7

Logon Information:
	Logon Type:		5
	Restricted Admin Mode:	-
	Remote Credential Guard:	-
	Virtual Account:		No
	Elevated Token:		Yes

Impersonation Level:		Impersonation

New Logon:
	Security ID:		S-1-5-18
	Account Name:		SYSTEM
	Account Domain:		NT AUTHORITY
	Logon ID:		0x3E7
	Linked Logon ID:		0x0
	Network Account Name:	-
	Network Account Domain:	-
	Logon GUID:		{00000000-0000-0000-0000-000000000000}

Process Information:
	Process ID:		0x2dc
	Process Name:		C:\Windows\System32\services.exe

Network Information:
	Workstation Name:	-
	Source Network Address:	-
	Source Port:		-

Detailed Authentication Information:
	Logon Process:		Advapi  
	Authentication Package:	Negotiate
	Transited Services:	-
	Package Name (NTLM only):	-
	Key Length:		0

This event is generated when a logon session is created. It is generated on the computer that was accessed.

The subject fields indicate the account on the local system which requested the logon. This is most commonly a service such as the Server service, or a local process such as Winlogon.exe or Services.exe.

The logon type field indicates the kind of logon that occurred. The most common types are 2 (interactive) and 3 (network).

The New Logon fields indicate the account for whom the new logon was created, i.e. the account that was logged on.

The network fields indicate where a remote logon request originated. Workstation name is not always available and may be left blank in some cases.

The impersonation level field indicates the extent to which a process in the logon session can impersonate.

The authentication information fields provide detailed information about this specific logon request.
	- Logon GUID is a unique identifier that can be used to correlate this event with a KDC event.
	- Transited services indicate which intermediate services have participated in this logon request.
	- Package name indicates which sub-protocol was used among the NTLM protocols.
	- Key length indicates the length of the generated session key. This will be 0 if no session key was requested.""",3,2024-09-05T09:04:53.1810924Z,16858,3424,test,12544,768,AUDIT_SUCCESS,Microsoft-Windows-Security-Auditing,5,FALSE,3,Windows logon success.,"[""windows"",""windows_security"",""authentication_success""]",60106,windows_eventchannel,log,"Sep 5, 2024 @ 09:04:54.709",EventChannel,1725527094.796887,"Sep 5, 2024 @ 09:04:54.709",0x3e7,WORKGROUP,0x0,%%1833,Negotiate,0x3e7,Advapi,{00000000-0000-0000-0000-000000000000},SYSTEM,0,%%1842,S-1-5-18,0x2dc,C:\\Windows\\System32\\services.exe,NT AUTHORITY,S-1-5-18,%%1843,5,TEST$,"[""164.312.b""]","[""10.2.5""]","[""CC6.8"",""CC7.2"",""CC7.3""]","[""AC.7"",""AU.14""]","[""IV_32.2""]","[""Valid Accounts""]","[""T1078""]","[""Defense Evasion"",""Persistence"",""Privilege Escalation"",""Initial Access""]","[""7.1"",""7.2""]", , , , , , , , , , , , , , , , , , , , , , , , , , , , , , , , , , , , , , , , , , , , , , , , , , , , , , , , , , , , , , , , , , , , , , , , , , , , , , , , , , , , , , , , , , , , , , , , , , , , , , , , , , , , , , , , , , , , , , , , , , , , , , , , , , , , , , , , , , , , , , , , , , 
ikltwZEBz5Sj0Mnm4qo4,1,1,192.168.28.148,Windows,001,ubuntu, , , , ,4624,0x8020000000000000,{54849625-5478-4994-a5ba-3e3b0328c30d},0,Security,0,"""An account was successfully logged on.

Subject:
	Security ID:		S-1-5-18
	Account Name:		TEST$
	Account Domain:		WORKGROUP
	Logon ID:		0x3E7

Logon Information:
	Logon Type:		5
	Restricted Admin Mode:	-
	Remote Credential Guard:	-
	Virtual Account:		No
	Elevated Token:		Yes

Impersonation Level:		Impersonation

New Logon:
	Security ID:		S-1-5-18
	Account Name:		SYSTEM
	Account Domain:		NT AUTHORITY
	Logon ID:		0x3E7
	Linked Logon ID:		0x0
	Network Account Name:	-
	Network Account Domain:	-
	Logon GUID:		{00000000-0000-0000-0000-000000000000}

Process Information:
	Process ID:		0x2dc
	Process Name:		C:\Windows\System32\services.exe

Network Information:
	Workstation Name:	-
	Source Network Address:	-
	Source Port:		-

Detailed Authentication Information:
	Logon Process:		Advapi  
	Authentication Package:	Negotiate
	Transited Services:	-
	Package Name (NTLM only):	-
	Key Length:		0

This event is generated when a logon session is created. It is generated on the computer that was accessed.

The subject fields indicate the account on the local system which requested the logon. This is most commonly a service such as the Server service, or a local process such as Winlogon.exe or Services.exe.

The logon type field indicates the kind of logon that occurred. The most common types are 2 (interactive) and 3 (network).

The New Logon fields indicate the account for whom the new logon was created, i.e. the account that was logged on.

The network fields indicate where a remote logon request originated. Workstation name is not always available and may be left blank in some cases.

The impersonation level field indicates the extent to which a process in the logon session can impersonate.

The authentication information fields provide detailed information about this specific logon request.
	- Logon GUID is a unique identifier that can be used to correlate this event with a KDC event.
	- Transited services indicate which intermediate services have participated in this logon request.
	- Package name indicates which sub-protocol was used among the NTLM protocols.
	- Key length indicates the length of the generated session key. This will be 0 if no session key was requested.""",3,2024-09-05T09:04:43.8306543Z,16842,3424,test,12544,768,AUDIT_SUCCESS,Microsoft-Windows-Security-Auditing,2,FALSE,3,Windows logon success.,"[""windows"",""windows_security"",""authentication_success""]",60106,windows_eventchannel,log,"Sep 5, 2024 @ 09:04:44.908",EventChannel,1725527084.774954,"Sep 5, 2024 @ 09:04:44.908",0x3e7,WORKGROUP,0x0,%%1833,Negotiate,0x3e7,Advapi,{00000000-0000-0000-0000-000000000000},SYSTEM,0,%%1842,S-1-5-18,0x2dc,C:\\Windows\\System32\\services.exe,NT AUTHORITY,S-1-5-18,%%1843,5,TEST$,"[""164.312.b""]","[""10.2.5""]","[""CC6.8"",""CC7.2"",""CC7.3""]","[""AC.7"",""AU.14""]","[""IV_32.2""]","[""Valid Accounts""]","[""T1078""]","[""Defense Evasion"",""Persistence"",""Privilege Escalation"",""Initial Access""]","[""7.1"",""7.2""]", , , , , , , , , , , , , , , , , , , , , , , , , , , , , , , , , , , , , , , , , , , , , , , , , , , , , , , , , , , , , , , , , , , , , , , , , , , , , , , , , , , , , , , , , , , , , , , , , , , , , , , , , , , , , , , , , , , , , , , , , , , , , , , , , , , , , , , , , , , , , , , , , , 
i0ltwZEBz5Sj0Mnm4qo4,1,1,192.168.28.148,Windows,001,ubuntu, , , , ,4624,0x8020000000000000,{54849625-5478-4994-a5ba-3e3b0328c30d},0,Security,0,"""An account was successfully logged on.

Subject:
	Security ID:		S-1-5-18
	Account Name:		TEST$
	Account Domain:		WORKGROUP
	Logon ID:		0x3E7

Logon Information:
	Logon Type:		5
	Restricted Admin Mode:	-
	Remote Credential Guard:	-
	Virtual Account:		No
	Elevated Token:		Yes

Impersonation Level:		Impersonation

New Logon:
	Security ID:		S-1-5-18
	Account Name:		SYSTEM
	Account Domain:		NT AUTHORITY
	Logon ID:		0x3E7
	Linked Logon ID:		0x0
	Network Account Name:	-
	Network Account Domain:	-
	Logon GUID:		{00000000-0000-0000-0000-000000000000}

Process Information:
	Process ID:		0x2dc
	Process Name:		C:\Windows\System32\services.exe

Network Information:
	Workstation Name:	-
	Source Network Address:	-
	Source Port:		-

Detailed Authentication Information:
	Logon Process:		Advapi  
	Authentication Package:	Negotiate
	Transited Services:	-
	Package Name (NTLM only):	-
	Key Length:		0

This event is generated when a logon session is created. It is generated on the computer that was accessed.

The subject fields indicate the account on the local system which requested the logon. This is most commonly a service such as the Server service, or a local process such as Winlogon.exe or Services.exe.

The logon type field indicates the kind of logon that occurred. The most common types are 2 (interactive) and 3 (network).

The New Logon fields indicate the account for whom the new logon was created, i.e. the account that was logged on.

The network fields indicate where a remote logon request originated. Workstation name is not always available and may be left blank in some cases.

The impersonation level field indicates the extent to which a process in the logon session can impersonate.

The authentication information fields provide detailed information about this specific logon request.
	- Logon GUID is a unique identifier that can be used to correlate this event with a KDC event.
	- Transited services indicate which intermediate services have participated in this logon request.
	- Package name indicates which sub-protocol was used among the NTLM protocols.
	- Key length indicates the length of the generated session key. This will be 0 if no session key was requested.""",3,2024-09-05T09:04:43.8944943Z,16844,3424,test,12544,768,AUDIT_SUCCESS,Microsoft-Windows-Security-Auditing,3,FALSE,3,Windows logon success.,"[""windows"",""windows_security"",""authentication_success""]",60106,windows_eventchannel,log,"Sep 5, 2024 @ 09:04:44.926",EventChannel,1725527084.782265,"Sep 5, 2024 @ 09:04:44.926",0x3e7,WORKGROUP,0x0,%%1833,Negotiate,0x3e7,Advapi,{00000000-0000-0000-0000-000000000000},SYSTEM,0,%%1842,S-1-5-18,0x2dc,C:\\Windows\\System32\\services.exe,NT AUTHORITY,S-1-5-18,%%1843,5,TEST$,"[""164.312.b""]","[""10.2.5""]","[""CC6.8"",""CC7.2"",""CC7.3""]","[""AC.7"",""AU.14""]","[""IV_32.2""]","[""Valid Accounts""]","[""T1078""]","[""Defense Evasion"",""Persistence"",""Privilege Escalation"",""Initial Access""]","[""7.1"",""7.2""]", , , , , , , , , , , , , , , , , , , , , , , , , , , , , , , , , , , , , , , , , , , , , , , , , , , , , , , , , , , , , , , , , , , , , , , , , , , , , , , , , , , , , , , , , , , , , , , , , , , , , , , , , , , , , , , , , , , , , , , , , , , , , , , , , , , , , , , , , , , , , , , , , , 
mkluwZEBz5Sj0Mnm2KpS,1,1,192.168.28.148,Windows,001,ubuntu, , , , ,4624,0x8020000000000000,{54849625-5478-4994-a5ba-3e3b0328c30d},0,Security,0,"""An account was successfully logged on.

Subject:
	Security ID:		S-1-5-18
	Account Name:		TEST$
	Account Domain:		WORKGROUP
	Logon ID:		0x3E7

Logon Information:
	Logon Type:		5
	Restricted Admin Mode:	-
	Remote Credential Guard:	-
	Virtual Account:		No
	Elevated Token:		Yes

Impersonation Level:		Impersonation

New Logon:
	Security ID:		S-1-5-18
	Account Name:		SYSTEM
	Account Domain:		NT AUTHORITY
	Logon ID:		0x3E7
	Linked Logon ID:		0x0
	Network Account Name:	-
	Network Account Domain:	-
	Logon GUID:		{00000000-0000-0000-0000-000000000000}

Process Information:
	Process ID:		0x2dc
	Process Name:		C:\Windows\System32\services.exe

Network Information:
	Workstation Name:	-
	Source Network Address:	-
	Source Port:		-

Detailed Authentication Information:
	Logon Process:		Advapi  
	Authentication Package:	Negotiate
	Transited Services:	-
	Package Name (NTLM only):	-
	Key Length:		0

This event is generated when a logon session is created. It is generated on the computer that was accessed.

The subject fields indicate the account on the local system which requested the logon. This is most commonly a service such as the Server service, or a local process such as Winlogon.exe or Services.exe.

The logon type field indicates the kind of logon that occurred. The most common types are 2 (interactive) and 3 (network).

The New Logon fields indicate the account for whom the new logon was created, i.e. the account that was logged on.

The network fields indicate where a remote logon request originated. Workstation name is not always available and may be left blank in some cases.

The impersonation level field indicates the extent to which a process in the logon session can impersonate.

The authentication information fields provide detailed information about this specific logon request.
	- Logon GUID is a unique identifier that can be used to correlate this event with a KDC event.
	- Transited services indicate which intermediate services have participated in this logon request.
	- Package name indicates which sub-protocol was used among the NTLM protocols.
	- Key length indicates the length of the generated session key. This will be 0 if no session key was requested.""",3,2024-09-05T09:05:44.8826930Z,16862,3424,test,12544,768,AUDIT_SUCCESS,Microsoft-Windows-Security-Auditing,7,FALSE,3,Windows logon success.,"[""windows"",""windows_security"",""authentication_success""]",60106,windows_eventchannel,log,"Sep 5, 2024 @ 09:05:46.396",EventChannel,1725527146.832010,"Sep 5, 2024 @ 09:05:46.396",0x3e7,WORKGROUP,0x0,%%1833,Negotiate,0x3e7,Advapi,{00000000-0000-0000-0000-000000000000},SYSTEM,0,%%1842,S-1-5-18,0x2dc,C:\\Windows\\System32\\services.exe,NT AUTHORITY,S-1-5-18,%%1843,5,TEST$,"[""164.312.b""]","[""10.2.5""]","[""CC6.8"",""CC7.2"",""CC7.3""]","[""AC.7"",""AU.14""]","[""IV_32.2""]","[""Valid Accounts""]","[""T1078""]","[""Defense Evasion"",""Persistence"",""Privilege Escalation"",""Initial Access""]","[""7.1"",""7.2""]", , , , , , , , , , , , , , , , , , , , , , , , , , , , , , , , , , , , , , , , , , , , , , , , , , , , , , , , , , , , , , , , , , , , , , , , , , , , , , , , , , , , , , , , , , , , , , , , , , , , , , , , , , , , , , , , , , , , , , , , , , , , , , , , , , , , , , , , , , , , , , , , , , 
fklmwZEBz5Sj0MnmwqoG,1,1,192.168.28.148,Windows,001,ubuntu, , , , ,4624,0x8020000000000000,{54849625-5478-4994-a5ba-3e3b0328c30d},0,Security,0,"""An account was successfully logged on.

Subject:
	Security ID:		S-1-5-18
	Account Name:		TEST$
	Account Domain:		WORKGROUP
	Logon ID:		0x3E7

Logon Information:
	Logon Type:		5
	Restricted Admin Mode:	-
	Remote Credential Guard:	-
	Virtual Account:		No
	Elevated Token:		Yes

Impersonation Level:		Impersonation

New Logon:
	Security ID:		S-1-5-18
	Account Name:		SYSTEM
	Account Domain:		NT AUTHORITY
	Logon ID:		0x3E7
	Linked Logon ID:		0x0
	Network Account Name:	-
	Network Account Domain:	-
	Logon GUID:		{00000000-0000-0000-0000-000000000000}

Process Information:
	Process ID:		0x2dc
	Process Name:		C:\Windows\System32\services.exe

Network Information:
	Workstation Name:	-
	Source Network Address:	-
	Source Port:		-

Detailed Authentication Information:
	Logon Process:		Advapi  
	Authentication Package:	Negotiate
	Transited Services:	-
	Package Name (NTLM only):	-
	Key Length:		0

This event is generated when a logon session is created. It is generated on the computer that was accessed.

The subject fields indicate the account on the local system which requested the logon. This is most commonly a service such as the Server service, or a local process such as Winlogon.exe or Services.exe.

The logon type field indicates the kind of logon that occurred. The most common types are 2 (interactive) and 3 (network).

The New Logon fields indicate the account for whom the new logon was created, i.e. the account that was logged on.

The network fields indicate where a remote logon request originated. Workstation name is not always available and may be left blank in some cases.

The impersonation level field indicates the extent to which a process in the logon session can impersonate.

The authentication information fields provide detailed information about this specific logon request.
	- Logon GUID is a unique identifier that can be used to correlate this event with a KDC event.
	- Transited services indicate which intermediate services have participated in this logon request.
	- Package name indicates which sub-protocol was used among the NTLM protocols.
	- Key length indicates the length of the generated session key. This will be 0 if no session key was requested.""",3,2024-09-05T08:56:59.6627274Z,16828,1068,test,12544,768,AUDIT_SUCCESS,Microsoft-Windows-Security-Auditing,33,FALSE,3,Windows logon success.,"[""windows"",""windows_security"",""authentication_success""]",60106,windows_eventchannel,log,"Sep 5, 2024 @ 08:57:00.680",EventChannel,1725526620.726439,"Sep 5, 2024 @ 08:57:00.680",0x3e7,WORKGROUP,0x0,%%1833,Negotiate,0x3e7,Advapi,{00000000-0000-0000-0000-000000000000},SYSTEM,0,%%1842,S-1-5-18,0x2dc,C:\\Windows\\System32\\services.exe,NT AUTHORITY,S-1-5-18,%%1843,5,TEST$,"[""164.312.b""]","[""10.2.5""]","[""CC6.8"",""CC7.2"",""CC7.3""]","[""AC.7"",""AU.14""]","[""IV_32.2""]","[""Valid Accounts""]","[""T1078""]","[""Defense Evasion"",""Persistence"",""Privilege Escalation"",""Initial Access""]","[""7.1"",""7.2""]", , , , , , , , , , , , , , , , , , , , , , , , , , , , , , , , , , , , , , , , , , , , , , , , , , , , , , , , , , , , , , , , , , , , , , , , , , , , , , , , , , , , , , , , , , , , , , , , , , , , , , , , , , , , , , , , , , , , , , , , , , , , , , , , , , , , , , , , , , , , , , , , , , 
gUlnwZEBz5Sj0MnmJ6qT,1,1,192.168.28.148,Windows,001,ubuntu, , , , ,4624,0x8020000000000000,{54849625-5478-4994-a5ba-3e3b0328c30d},0,Security,0,"""An account was successfully logged on.

Subject:
	Security ID:		S-1-5-18
	Account Name:		TEST$
	Account Domain:		WORKGROUP
	Logon ID:		0x3E7

Logon Information:
	Logon Type:		5
	Restricted Admin Mode:	-
	Remote Credential Guard:	-
	Virtual Account:		No
	Elevated Token:		Yes

Impersonation Level:		Impersonation

New Logon:
	Security ID:		S-1-5-18
	Account Name:		SYSTEM
	Account Domain:		NT AUTHORITY
	Logon ID:		0x3E7
	Linked Logon ID:		0x0
	Network Account Name:	-
	Network Account Domain:	-
	Logon GUID:		{00000000-0000-0000-0000-000000000000}

Process Information:
	Process ID:		0x2dc
	Process Name:		C:\Windows\System32\services.exe

Network Information:
	Workstation Name:	-
	Source Network Address:	-
	Source Port:		-

Detailed Authentication Information:
	Logon Process:		Advapi  
	Authentication Package:	Negotiate
	Transited Services:	-
	Package Name (NTLM only):	-
	Key Length:		0

This event is generated when a logon session is created. It is generated on the computer that was accessed.

The subject fields indicate the account on the local system which requested the logon. This is most commonly a service such as the Server service, or a local process such as Winlogon.exe or Services.exe.

The logon type field indicates the kind of logon that occurred. The most common types are 2 (interactive) and 3 (network).

The New Logon fields indicate the account for whom the new logon was created, i.e. the account that was logged on.

The network fields indicate where a remote logon request originated. Workstation name is not always available and may be left blank in some cases.

The impersonation level field indicates the extent to which a process in the logon session can impersonate.

The authentication information fields provide detailed information about this specific logon request.
	- Logon GUID is a unique identifier that can be used to correlate this event with a KDC event.
	- Transited services indicate which intermediate services have participated in this logon request.
	- Package name indicates which sub-protocol was used among the NTLM protocols.
	- Key length indicates the length of the generated session key. This will be 0 if no session key was requested.""",3,2024-09-05T08:57:21.9737174Z,16834,1068,test,12544,768,AUDIT_SUCCESS,Microsoft-Windows-Security-Auditing,35,FALSE,3,Windows logon success.,"[""windows"",""windows_security"",""authentication_success""]",60106,windows_eventchannel,log,"Sep 5, 2024 @ 08:57:23.464",EventChannel,1725526643.742372,"Sep 5, 2024 @ 08:57:23.464",0x3e7,WORKGROUP,0x0,%%1833,Negotiate,0x3e7,Advapi,{00000000-0000-0000-0000-000000000000},SYSTEM,0,%%1842,S-1-5-18,0x2dc,C:\\Windows\\System32\\services.exe,NT AUTHORITY,S-1-5-18,%%1843,5,TEST$,"[""164.312.b""]","[""10.2.5""]","[""CC6.8"",""CC7.2"",""CC7.3""]","[""AC.7"",""AU.14""]","[""IV_32.2""]","[""Valid Accounts""]","[""T1078""]","[""Defense Evasion"",""Persistence"",""Privilege Escalation"",""Initial Access""]","[""7.1"",""7.2""]", , , , , , , , , , , , , , , , , , , , , , , , , , , , , , , , , , , , , , , , , , , , , , , , , , , , , , , , , , , , , , , , , , , , , , , , , , , , , , , , , , , , , , , , , , , , , , , , , , , , , , , , , , , , , , , , , , , , , , , , , , , , , , , , , , , , , , , , , , , , , , , , , , 
m0lvwZEBz5Sj0MnmiKod,1,1,192.168.28.148,Windows,001,ubuntu, , , , ,4624,0x8020000000000000,{54849625-5478-4994-a5ba-3e3b0328c30d},0,Security,0,"""An account was successfully logged on.

Subject:
	Security ID:		S-1-5-18
	Account Name:		TEST$
	Account Domain:		WORKGROUP
	Logon ID:		0x3E7

Logon Information:
	Logon Type:		5
	Restricted Admin Mode:	-
	Remote Credential Guard:	-
	Virtual Account:		No
	Elevated Token:		Yes

Impersonation Level:		Impersonation

New Logon:
	Security ID:		S-1-5-18
	Account Name:		SYSTEM
	Account Domain:		NT AUTHORITY
	Logon ID:		0x3E7
	Linked Logon ID:		0x0
	Network Account Name:	-
	Network Account Domain:	-
	Logon GUID:		{00000000-0000-0000-0000-000000000000}

Process Information:
	Process ID:		0x2dc
	Process Name:		C:\Windows\System32\services.exe

Network Information:
	Workstation Name:	-
	Source Network Address:	-
	Source Port:		-

Detailed Authentication Information:
	Logon Process:		Advapi  
	Authentication Package:	Negotiate
	Transited Services:	-
	Package Name (NTLM only):	-
	Key Length:		0

This event is generated when a logon session is created. It is generated on the computer that was accessed.

The subject fields indicate the account on the local system which requested the logon. This is most commonly a service such as the Server service, or a local process such as Winlogon.exe or Services.exe.

The logon type field indicates the kind of logon that occurred. The most common types are 2 (interactive) and 3 (network).

The New Logon fields indicate the account for whom the new logon was created, i.e. the account that was logged on.

The network fields indicate where a remote logon request originated. Workstation name is not always available and may be left blank in some cases.

The impersonation level field indicates the extent to which a process in the logon session can impersonate.

The authentication information fields provide detailed information about this specific logon request.
	- Logon GUID is a unique identifier that can be used to correlate this event with a KDC event.
	- Transited services indicate which intermediate services have participated in this logon request.
	- Package name indicates which sub-protocol was used among the NTLM protocols.
	- Key length indicates the length of the generated session key. This will be 0 if no session key was requested.""",3,2024-09-05T09:06:26.0990153Z,16864,5960,test,12544,768,AUDIT_SUCCESS,Microsoft-Windows-Security-Auditing,8,FALSE,3,Windows logon success.,"[""windows"",""windows_security"",""authentication_success""]",60106,windows_eventchannel,log,"Sep 5, 2024 @ 09:06:27.621",EventChannel,1725527187.839321,"Sep 5, 2024 @ 09:06:27.621",0x3e7,WORKGROUP,0x0,%%1833,Negotiate,0x3e7,Advapi,{00000000-0000-0000-0000-000000000000},SYSTEM,0,%%1842,S-1-5-18,0x2dc,C:\\Windows\\System32\\services.exe,NT AUTHORITY,S-1-5-18,%%1843,5,TEST$,"[""164.312.b""]","[""10.2.5""]","[""CC6.8"",""CC7.2"",""CC7.3""]","[""AC.7"",""AU.14""]","[""IV_32.2""]","[""Valid Accounts""]","[""T1078""]","[""Defense Evasion"",""Persistence"",""Privilege Escalation"",""Initial Access""]","[""7.1"",""7.2""]", , , , , , , , , , , , , , , , , , , , , , , , , , , , , , , , , , , , , , , , , , , , , , , , , , , , , , , , , , , , , , , , , , , , , , , , , , , , , , , , , , , , , , , , , , , , , , , , , , , , , , , , , , , , , , , , , , , , , , , , , , , , , , , , , , , , , , , , , , , , , , , , , , 
hUlowZEBz5Sj0Mnme6py,1,1,192.168.28.148,Windows,001,ubuntu, , , , ,4624,0x8020000000000000,{54849625-5478-4994-a5ba-3e3b0328c30d},0,Security,0,"""An account was successfully logged on.

